"../../../Engine/Content/Functions/Engine_MaterialFunctions01/Density/ExponentialDensity.uasset" 0
"../../../Engine/Content/Functions/Engine_MaterialFunctions01/Density/ExponentialDensity.uexp" 1
"../../../Engine/Content/Functions/Engine_MaterialFunctions01/Gradient/RadialGradientExponential.uasset" 2
"../../../Engine/Content/Functions/Engine_MaterialFunctions01/Gradient/RadialGradientExponential.uexp" 3
"F:/Year 2 Project 2/Game/Build6/spookygame-master-puzzles/Content/Level/Materials/PostProcess/StressVignette.uasset" 4
"F:/Year 2 Project 2/Game/Build6/spookygame-master-puzzles/Content/Level/Materials/PostProcess/StressVignette.uexp" 5
"../../../Engine/Content/EngineMaterials/T_Default_Material_Grid_N.uasset" 6
"../../../Engine/Content/EngineMaterials/T_Default_Material_Grid_N.uexp" 7
"../../../Engine/Content/EngineMaterials/T_Default_Material_Grid_N.ubulk" 8
"../../../Engine/Content/EngineMaterials/T_Default_Material_Grid_M.uasset" 9
"../../../Engine/Content/EngineMaterials/T_Default_Material_Grid_M.uexp" 10
"../../../Engine/Content/EngineMaterials/T_Default_Material_Grid_M.ubulk" 11
"../../../Engine/Content/Functions/Engine_MaterialFunctions01/Opacity/CameraDepthFade.uasset" 12
"../../../Engine/Content/Functions/Engine_MaterialFunctions01/Opacity/CameraDepthFade.uexp" 13
"../../../Engine/Content/EngineMaterials/WorldGridMaterial.uasset" 14
"../../../Engine/Content/EngineMaterials/WorldGridMaterial.uexp" 15
"../../../Engine/Content/BasicShapes/Cube.uasset" 16
"../../../Engine/Content/BasicShapes/Cube.uexp" 17
"../../../Engine/Content/BasicShapes/BasicShapeMaterial.uasset" 18
"../../../Engine/Content/BasicShapes/BasicShapeMaterial.uexp" 19
"F:/Year 2 Project 2/Game/Build6/spookygame-master-puzzles/Content/Level/Blueprints/Interactables/Door_BP.uasset" 20
"F:/Year 2 Project 2/Game/Build6/spookygame-master-puzzles/Content/Level/Blueprints/Interactables/Door_BP.uexp" 21
"../../../Engine/Content/EngineSounds/Normal_Attack.uasset" 22
"../../../Engine/Content/EngineSounds/Normal_Attack.uexp" 23
"../../../Engine/Content/EngineSounds/Duck_Normal_Attack_MixMod.uasset" 24
"../../../Engine/Content/EngineSounds/Duck_Normal_Attack_MixMod.uexp" 25
"../../../Engine/Content/EngineSounds/Special_Attack_PSM.uasset" 26
"../../../Engine/Content/EngineSounds/Special_Attack_PSM.uexp" 27
"../../../Engine/Content/EngineSounds/Master.uasset" 28
"../../../Engine/Content/EngineSounds/Master.uexp" 29
"../../../Engine/Content/EngineSounds/SFX.uasset" 30
"../../../Engine/Content/EngineSounds/SFX.uexp" 31
"F:/Year 2 Project 2/Game/Build6/spookygame-master-puzzles/Content/Audio/SND_wood_footsteps.uasset" 32
"F:/Year 2 Project 2/Game/Build6/spookygame-master-puzzles/Content/Audio/SND_wood_footsteps.uexp" 33
"F:/Year 2 Project 2/Game/Build6/spookygame-master-puzzles/Content/Audio/SND_balcony_footsteps.uasset" 34
"F:/Year 2 Project 2/Game/Build6/spookygame-master-puzzles/Content/Audio/SND_balcony_footsteps.uexp" 35
"../../../Engine/Content/EditorBlueprintResources/StandardMacros.uasset" 36
"../../../Engine/Content/EditorBlueprintResources/StandardMacros.uexp" 37
"F:/Year 2 Project 2/Game/Build6/spookygame-master-puzzles/Content/Misc/Enum/ActionBinding.uasset" 38
"F:/Year 2 Project 2/Game/Build6/spookygame-master-puzzles/Content/Misc/Enum/ActionBinding.uexp" 39
"F:/Year 2 Project 2/Game/Build6/spookygame-master-puzzles/Content/UI/Widgets/Menu.uasset" 40
"F:/Year 2 Project 2/Game/Build6/spookygame-master-puzzles/Content/UI/Widgets/Menu.uexp" 41
"F:/Year 2 Project 2/Game/Build6/spookygame-master-puzzles/Content/Player/Blueprints/PlayerCharacter_BP.uasset" 42
"F:/Year 2 Project 2/Game/Build6/spookygame-master-puzzles/Content/Player/Blueprints/PlayerCharacter_BP.uexp" 43
"F:/Year 2 Project 2/Game/Build6/spookygame-master-puzzles/Content/Level/Blueprints/GameMode_BP.uasset" 44
"F:/Year 2 Project 2/Game/Build6/spookygame-master-puzzles/Content/Level/Blueprints/GameMode_BP.uexp" 45
"F:/Year 2 Project 2/Game/Build6/spookygame-master-puzzles/Content/Level/Blueprints/Interactables/HidableBaseTest.uasset" 46
"F:/Year 2 Project 2/Game/Build6/spookygame-master-puzzles/Content/Level/Blueprints/Interactables/HidableBaseTest.uexp" 47
"F:/Year 2 Project 2/Game/Build6/spookygame-master-puzzles/Content/Level/Materials/Physics_Materials/PM_floor.uasset" 48
"F:/Year 2 Project 2/Game/Build6/spookygame-master-puzzles/Content/Level/Materials/Physics_Materials/PM_floor.uexp" 49
"F:/Year 2 Project 2/Game/Build6/spookygame-master-puzzles/Content/Level/Materials/Temporary/Wood_Decor/WoodFineDark004_Cube.uasset" 50
"F:/Year 2 Project 2/Game/Build6/spookygame-master-puzzles/Content/Level/Materials/Temporary/Wood_Decor/WoodFineDark004_Cube.uexp" 51
"F:/Year 2 Project 2/Game/Build6/spookygame-master-puzzles/Content/Level/Materials/Temporary/Wood_Decor/WoodFineDark004_Cube.ubulk" 52
"F:/Year 2 Project 2/Game/Build6/spookygame-master-puzzles/Content/Level/Materials/Temporary/Wood_Decor/WoodFineDark004_DISP_1K.uasset" 53
"F:/Year 2 Project 2/Game/Build6/spookygame-master-puzzles/Content/Level/Materials/Temporary/Wood_Decor/WoodFineDark004_DISP_1K.uexp" 54
"F:/Year 2 Project 2/Game/Build6/spookygame-master-puzzles/Content/Level/Materials/Temporary/Wood_Decor/WoodFineDark004_DISP_1K.ubulk" 55
"F:/Year 2 Project 2/Game/Build6/spookygame-master-puzzles/Content/Level/Materials/Temporary/Wood_Decor/WoodFineDark004_Flat.uasset" 56
"F:/Year 2 Project 2/Game/Build6/spookygame-master-puzzles/Content/Level/Materials/Temporary/Wood_Decor/WoodFineDark004_Flat.uexp" 57
"F:/Year 2 Project 2/Game/Build6/spookygame-master-puzzles/Content/Level/Materials/Temporary/Wood_Decor/WoodFineDark004_Sphere.uasset" 58
"F:/Year 2 Project 2/Game/Build6/spookygame-master-puzzles/Content/Level/Materials/Temporary/Wood_Decor/WoodFineDark004_Sphere.uexp" 59
"F:/Year 2 Project 2/Game/Build6/spookygame-master-puzzles/Content/Level/Materials/Temporary/Wood_Decor/WoodFineDark004_Sphere.ubulk" 60
"F:/Year 2 Project 2/Game/Build6/spookygame-master-puzzles/Content/Level/Meshes/Material.uasset" 61
"F:/Year 2 Project 2/Game/Build6/spookygame-master-puzzles/Content/Level/Meshes/Material.uexp" 62
"F:/Year 2 Project 2/Game/Build6/spookygame-master-puzzles/Content/Level/Meshes/hidabletest.uasset" 63
"F:/Year 2 Project 2/Game/Build6/spookygame-master-puzzles/Content/Level/Meshes/hidabletest.uexp" 64
"F:/Year 2 Project 2/Game/Build6/spookygame-master-puzzles/Content/UI/Widgets/WBP_.uasset" 65
"F:/Year 2 Project 2/Game/Build6/spookygame-master-puzzles/Content/UI/Widgets/WBP_.uexp" 66
"F:/Year 2 Project 2/Game/Build6/spookygame-master-puzzles/Content/UI/Widgets/WBP_CollectedFinalItem.uasset" 67
"F:/Year 2 Project 2/Game/Build6/spookygame-master-puzzles/Content/UI/Widgets/WBP_CollectedFinalItem.uexp" 68
"F:/Year 2 Project 2/Game/Build6/spookygame-master-puzzles/Content/Audio/Test_Step_Hard.uasset" 69
"F:/Year 2 Project 2/Game/Build6/spookygame-master-puzzles/Content/Audio/Test_Step_Hard.uexp" 70
"F:/Year 2 Project 2/Game/Build6/spookygame-master-puzzles/Content/Audio/Test_Step_Soft.uasset" 71
"F:/Year 2 Project 2/Game/Build6/spookygame-master-puzzles/Content/Audio/Test_Step_Soft.uexp" 72
"F:/Year 2 Project 2/Game/Build6/spookygame-master-puzzles/Content/Mesh_Assets/Chair/M_Chair_LP_Chair_LPMat_82351765415D60CD1B75A0875987BA86.uasset" 73
"F:/Year 2 Project 2/Game/Build6/spookygame-master-puzzles/Content/Mesh_Assets/Chair/M_Chair_LP_Chair_LPMat_82351765415D60CD1B75A0875987BA86.uexp" 74
"F:/Year 2 Project 2/Game/Build6/spookygame-master-puzzles/Content/Mesh_Assets/Chair/M_Chair_LP_Chair_LPMat_82351765415D60CD1B75A0875987BA86.ubulk" 75
"F:/Year 2 Project 2/Game/Build6/spookygame-master-puzzles/Content/Mesh_Assets/Puzzles/PuzzleBox/Box_Puzzle_Skeleton.uasset" 76
"F:/Year 2 Project 2/Game/Build6/spookygame-master-puzzles/Content/Mesh_Assets/Puzzles/PuzzleBox/Box_Puzzle_Skeleton.uexp" 77
"../../../Engine/Content/Animation/DefaultAnimCurveCompressionSettings.uasset" 78
"../../../Engine/Content/Animation/DefaultAnimCurveCompressionSettings.uexp" 79
"../../../Engine/Content/Animation/DefaultAnimBoneCompressionSettings.uasset" 80
"../../../Engine/Content/Animation/DefaultAnimBoneCompressionSettings.uexp" 81
"F:/Year 2 Project 2/Game/Build6/spookygame-master-puzzles/Content/Mesh_Assets/Puzzles/PuzzleBox/Animations/Box_Puzzle_Anim.uasset" 82
"F:/Year 2 Project 2/Game/Build6/spookygame-master-puzzles/Content/Mesh_Assets/Puzzles/PuzzleBox/Animations/Box_Puzzle_Anim.uexp" 83
"F:/Year 2 Project 2/Game/Build6/spookygame-master-puzzles/Content/Mesh_Assets/Puzzles/PuzzleBox/Animations/Box_State_Blueprint.uasset" 84
"F:/Year 2 Project 2/Game/Build6/spookygame-master-puzzles/Content/Mesh_Assets/Puzzles/PuzzleBox/Animations/Box_State_Blueprint.uexp" 85
"F:/Year 2 Project 2/Game/Build6/spookygame-master-puzzles/Content/Ghost/BPI_SpookyStuffHappening.uasset" 86
"F:/Year 2 Project 2/Game/Build6/spookygame-master-puzzles/Content/Ghost/BPI_SpookyStuffHappening.uexp" 87
"F:/Year 2 Project 2/Game/Build6/spookygame-master-puzzles/Content/Triggers/BP_Ghost1_Trigger.uasset" 88
"F:/Year 2 Project 2/Game/Build6/spookygame-master-puzzles/Content/Triggers/BP_Ghost1_Trigger.uexp" 89
"../../../Engine/Content/ArtTools/RenderToTexture/Meshes/S_1_Unit_Plane.uasset" 90
"../../../Engine/Content/ArtTools/RenderToTexture/Meshes/S_1_Unit_Plane.uexp" 91
"../../../Engine/Content/EngineMaterials/DefaultMaterial.uasset" 92
"../../../Engine/Content/EngineMaterials/DefaultMaterial.uexp" 93
"../../../Engine/Content/BasicShapes/Cone.uasset" 94
"../../../Engine/Content/BasicShapes/Cone.uexp" 95
"../../../Engine/Content/BasicShapes/Plane.uasset" 96
"../../../Engine/Content/BasicShapes/Plane.uexp" 97
"../../../Engine/Content/BasicShapes/Sphere.uasset" 98
"../../../Engine/Content/BasicShapes/Sphere.uexp" 99
"../../../Engine/Content/EditorLandscapeResources/DataLayer.uasset" 100
"../../../Engine/Content/EditorLandscapeResources/DataLayer.uexp" 101
"../../../Engine/Content/EditorLandscapeResources/DefaultAlphaTexture.uasset" 102
"../../../Engine/Content/EditorLandscapeResources/DefaultAlphaTexture.uexp" 103
"../../../Engine/Content/EditorMaterials/MAT_Groups_Toggle.uasset" 104
"../../../Engine/Content/EditorMaterials/MAT_Groups_Toggle.uexp" 105
"../../../Engine/Content/EditorMaterials/MAT_Groups_Visibility.uasset" 106
"../../../Engine/Content/EditorMaterials/MAT_Groups_Visibility.uexp" 107
"../../../Engine/Content/EditorMaterials/PreviewShadowIndicator.uasset" 108
"../../../Engine/Content/EditorMaterials/PreviewShadowIndicator.uexp" 109
"../../../Engine/Content/EditorMaterials/PreviewShadowIndicator.ubulk" 110
"../../../Engine/Content/EditorMaterials/PreviewShadowIndicatorMaterial.uasset" 111
"../../../Engine/Content/EditorMaterials/PreviewShadowIndicatorMaterial.uexp" 112
"../../../Engine/Content/EditorMaterials/MatineeGroups/MAT_ColorTrack.uasset" 113
"../../../Engine/Content/EditorMaterials/MatineeGroups/MAT_ColorTrack.uexp" 114
"../../../Engine/Content/EditorMaterials/MatineeGroups/MAT_Groups_Anim.uasset" 115
"../../../Engine/Content/EditorMaterials/MatineeGroups/MAT_Groups_Anim.uexp" 116
"../../../Engine/Content/EditorMaterials/MatineeGroups/MAT_Groups_AudioMaster.uasset" 117
"../../../Engine/Content/EditorMaterials/MatineeGroups/MAT_Groups_AudioMaster.uexp" 118
"../../../Engine/Content/EditorMaterials/MatineeGroups/MAT_Groups_Director.uasset" 119
"../../../Engine/Content/EditorMaterials/MatineeGroups/MAT_Groups_Director.uexp" 120
"../../../Engine/Content/EditorMaterials/MatineeGroups/MAT_Groups_Event.uasset" 121
"../../../Engine/Content/EditorMaterials/MatineeGroups/MAT_Groups_Event.uexp" 122
"../../../Engine/Content/EditorMaterials/MatineeGroups/MAT_Groups_Fade.uasset" 123
"../../../Engine/Content/EditorMaterials/MatineeGroups/MAT_Groups_Fade.uexp" 124
"../../../Engine/Content/EditorMaterials/MatineeGroups/MAT_Groups_Float.uasset" 125
"../../../Engine/Content/EditorMaterials/MatineeGroups/MAT_Groups_Float.uexp" 126
"../../../Engine/Content/EditorMaterials/MatineeGroups/MAT_Groups_Move.uasset" 127
"../../../Engine/Content/EditorMaterials/MatineeGroups/MAT_Groups_Move.uexp" 128
"../../../Engine/Content/EditorMaterials/MatineeGroups/MAT_Groups_Slomo.uasset" 129
"../../../Engine/Content/EditorMaterials/MatineeGroups/MAT_Groups_Slomo.uexp" 130
"../../../Engine/Content/EditorMaterials/MatineeGroups/MAT_Groups_Sound.uasset" 131
"../../../Engine/Content/EditorMaterials/MatineeGroups/MAT_Groups_Sound.uexp" 132
"../../../Engine/Content/EditorMaterials/MatineeGroups/MAT_Groups_Vector.uasset" 133
"../../../Engine/Content/EditorMaterials/MatineeGroups/MAT_Groups_Vector.uexp" 134
"../../../Engine/Content/EditorMaterials/ParticleSystems/PSysThumbnail_NoImage.uasset" 135
"../../../Engine/Content/EditorMaterials/ParticleSystems/PSysThumbnail_NoImage.uexp" 136
"../../../Engine/Content/EditorMaterials/ParticleSystems/PSysThumbnail_NoImage.ubulk" 137
"../../../Engine/Content/EditorMaterials/ParticleSystems/PSysThumbnail_OOD.uasset" 138
"../../../Engine/Content/EditorMaterials/ParticleSystems/PSysThumbnail_OOD.uexp" 139
"../../../Engine/Content/EditorMaterials/ParticleSystems/PSysThumbnail_OOD.ubulk" 140
"../../../Engine/Content/EditorMaterials/Camera/CineMat.uasset" 141
"../../../Engine/Content/EditorMaterials/Camera/CineMat.uexp" 142
"../../../Engine/Content/EditorMaterials/Camera/MI_CineMat_Rig.uasset" 143
"../../../Engine/Content/EditorMaterials/Camera/MI_CineMat_Rig.uexp" 144
"../../../Engine/Content/EditorMeshes/Camera/SM_CraneRig_Arm.uasset" 145
"../../../Engine/Content/EditorMeshes/Camera/SM_CraneRig_Arm.uexp" 146
"../../../Engine/Content/EditorMeshes/Camera/SM_CraneRig_Base.uasset" 147
"../../../Engine/Content/EditorMeshes/Camera/SM_CraneRig_Base.uexp" 148
"../../../Engine/Content/EditorMeshes/Camera/SM_CraneRig_Body.uasset" 149
"../../../Engine/Content/EditorMeshes/Camera/SM_CraneRig_Body.uexp" 150
"../../../Engine/Content/EditorMeshes/Camera/SM_CraneRig_Mount.uasset" 151
"../../../Engine/Content/EditorMeshes/Camera/SM_CraneRig_Mount.uexp" 152
"../../../Engine/Content/EditorMeshes/Camera/SM_RailRig_Mount.uasset" 153
"../../../Engine/Content/EditorMeshes/Camera/SM_RailRig_Mount.uexp" 154
"../../../Engine/Content/EditorMeshes/Camera/SM_RailRig_Track.uasset" 155
"../../../Engine/Content/EditorMeshes/Camera/SM_RailRig_Track.uexp" 156
"../../../Engine/Content/EditorResources/BSPVertex.uasset" 157
"../../../Engine/Content/EditorResources/BSPVertex.uexp" 158
"../../../Engine/Content/EditorResources/EmptyActor.uasset" 159
"../../../Engine/Content/EditorResources/EmptyActor.uexp" 160
"../../../Engine/Content/EditorResources/S_Actor.uasset" 161
"../../../Engine/Content/EditorResources/S_Actor.uexp" 162
"../../../Engine/Content/EditorResources/S_Actor.ubulk" 163
"../../../Engine/Content/EditorResources/S_Note.uasset" 164
"../../../Engine/Content/EditorResources/S_Note.uexp" 165
"../../../Engine/Content/EditorResources/S_Note.ubulk" 166
"../../../Engine/Content/EditorResources/S_Solver.uasset" 167
"../../../Engine/Content/EditorResources/S_Solver.uexp" 168
"../../../Engine/Content/EditorResources/S_Solver.ubulk" 169
"../../../Engine/Content/EditorResources/S_Terrain.uasset" 170
"../../../Engine/Content/EditorResources/S_Terrain.uexp" 171
"../../../Engine/Content/EditorResources/S_Terrain.ubulk" 172
"../../../Engine/Content/EditorResources/S_Trigger.uasset" 173
"../../../Engine/Content/EditorResources/S_Trigger.uexp" 174
"../../../Engine/Content/EditorResources/S_Trigger.ubulk" 175
"../../../Engine/Content/EditorResources/AudioIcons/S_AudioComponent_AutoActivate.uasset" 176
"../../../Engine/Content/EditorResources/AudioIcons/S_AudioComponent_AutoActivate.uexp" 177
"../../../Engine/Content/EditorResources/AudioIcons/S_AudioComponent_AutoActivate.ubulk" 178
"../../../Engine/Content/EditorResources/LightIcons/S_LightError.uasset" 179
"../../../Engine/Content/EditorResources/LightIcons/S_LightError.uexp" 180
"../../../Engine/Content/EditorResources/SequenceRecorder/Countdown.uasset" 181
"../../../Engine/Content/EditorResources/SequenceRecorder/Countdown.uexp" 182
"../../../Engine/Content/EditorResources/SequenceRecorder/RecordingIndicator.uasset" 183
"../../../Engine/Content/EditorResources/SequenceRecorder/RecordingIndicator.uexp" 184
"../../../Engine/Content/EngineDamageTypes/DmgTypeBP_Environmental.uasset" 185
"../../../Engine/Content/EngineDamageTypes/DmgTypeBP_Environmental.uexp" 186
"../../../Engine/Content/EngineDebugMaterials/DebugEditorMaterial.uasset" 187
"../../../Engine/Content/EngineDebugMaterials/DebugEditorMaterial.uexp" 188
"../../../Engine/Content/EngineDebugMaterials/DebugMeshMaterial.uasset" 189
"../../../Engine/Content/EngineDebugMaterials/DebugMeshMaterial.uexp" 190
"../../../Engine/Content/EngineDebugMaterials/M_SimpleUnlitTranslucent.uasset" 191
"../../../Engine/Content/EngineDebugMaterials/M_SimpleUnlitTranslucent.uexp" 192
"../../../Engine/Content/EngineDebugMaterials/VolumeToRender.uasset" 193
"../../../Engine/Content/EngineDebugMaterials/VolumeToRender.uexp" 194
"../../../Engine/Content/Functions/Engine_MaterialFunctions02/Utility/CameraDirectionVector.uasset" 195
"../../../Engine/Content/Functions/Engine_MaterialFunctions02/Utility/CameraDirectionVector.uexp" 196
"../../../Engine/Content/EngineDebugMaterials/M_VolumeRenderSphereTracePP.uasset" 197
"../../../Engine/Content/EngineDebugMaterials/M_VolumeRenderSphereTracePP.uexp" 198
"../../../Engine/Content/Functions/Engine_MaterialFunctions01/Shading/ConvertFromDiffSpec.uasset" 199
"../../../Engine/Content/Functions/Engine_MaterialFunctions01/Shading/ConvertFromDiffSpec.uexp" 200
"../../../Engine/Content/EngineDebugMaterials/VertexColorMaterial.uasset" 201
"../../../Engine/Content/EngineDebugMaterials/VertexColorMaterial.uexp" 202
"../../../Engine/Content/EngineDebugMaterials/WireframeMaterial.uasset" 203
"../../../Engine/Content/EngineDebugMaterials/WireframeMaterial.uexp" 204
"../../../Engine/Content/EngineFonts/Faces/RobotoRegular.uasset" 205
"../../../Engine/Content/EngineFonts/Faces/RobotoRegular.uexp" 206
"../../../Engine/Content/EngineFonts/Faces/RobotoRegular.ufont" 207
"../../../Engine/Content/EngineFonts/Faces/RobotoLight.uasset" 208
"../../../Engine/Content/EngineFonts/Faces/RobotoLight.uexp" 209
"../../../Engine/Content/EngineFonts/Faces/RobotoLight.ufont" 210
"../../../Engine/Content/EngineFonts/Faces/RobotoItalic.uasset" 211
"../../../Engine/Content/EngineFonts/Faces/RobotoItalic.uexp" 212
"../../../Engine/Content/EngineFonts/Faces/RobotoItalic.ufont" 213
"../../../Engine/Content/EngineFonts/Faces/RobotoBoldItalic.uasset" 214
"../../../Engine/Content/EngineFonts/Faces/RobotoBoldItalic.uexp" 215
"../../../Engine/Content/EngineFonts/Faces/RobotoBoldItalic.ufont" 216
"../../../Engine/Content/EngineFonts/Faces/RobotoBold.uasset" 217
"../../../Engine/Content/EngineFonts/Faces/RobotoBold.uexp" 218
"../../../Engine/Content/EngineFonts/Faces/RobotoBold.ufont" 219
"../../../Engine/Content/EngineFonts/Faces/DroidSansFallback.uasset" 220
"../../../Engine/Content/EngineFonts/Faces/DroidSansFallback.uexp" 221
"../../../Engine/Content/EngineFonts/Faces/DroidSansFallback.ufont" 222
"../../../Engine/Content/EngineFonts/Roboto.uasset" 223
"../../../Engine/Content/EngineFonts/Roboto.uexp" 224
"../../../Engine/Content/EngineMaterials/BaseFlattenNormalMap.uasset" 225
"../../../Engine/Content/EngineMaterials/BaseFlattenNormalMap.uexp" 226
"../../../Engine/Content/EngineMaterials/BaseFlattenGrayscaleMap.uasset" 227
"../../../Engine/Content/EngineMaterials/BaseFlattenGrayscaleMap.uexp" 228
"../../../Engine/Content/EngineMaterials/BaseFlattenEmissiveMap.uasset" 229
"../../../Engine/Content/EngineMaterials/BaseFlattenEmissiveMap.uexp" 230
"../../../Engine/Content/EngineMaterials/BaseFlattenDiffuseMap.uasset" 231
"../../../Engine/Content/EngineMaterials/BaseFlattenDiffuseMap.uexp" 232
"../../../Engine/Content/EngineMaterials/BaseFlattenMaterial.uasset" 233
"../../../Engine/Content/EngineMaterials/BaseFlattenMaterial.uexp" 234
"../../../Engine/Content/EngineMaterials/BlueNoise.uasset" 235
"../../../Engine/Content/EngineMaterials/BlueNoise.uexp" 236
"../../../Engine/Content/EngineMaterials/DefaultBloomKernel.uasset" 237
"../../../Engine/Content/EngineMaterials/DefaultBloomKernel.uexp" 238
"../../../Engine/Content/EngineMaterials/DefaultBokeh.uasset" 239
"../../../Engine/Content/EngineMaterials/DefaultBokeh.uexp" 240
"../../../Engine/Content/EngineMaterials/DefaultDiffuse.uasset" 241
"../../../Engine/Content/EngineMaterials/DefaultDiffuse.uexp" 242
"../../../Engine/Content/EngineMaterials/DefaultDiffuse.ubulk" 243
"../../../Engine/Content/EngineMaterials/DefaultDeferredDecalMaterial.uasset" 244
"../../../Engine/Content/EngineMaterials/DefaultDeferredDecalMaterial.uexp" 245
"../../../Engine/Content/EngineMaterials/DefaultLightFunctionMaterial.uasset" 246
"../../../Engine/Content/EngineMaterials/DefaultLightFunctionMaterial.uexp" 247
"../../../Engine/Content/EngineMaterials/DefaultPhysicalMaterial.uasset" 248
"../../../Engine/Content/EngineMaterials/DefaultPhysicalMaterial.uexp" 249
"../../../Engine/Content/Functions/Engine_MaterialFunctions02/Utility/BreakOutFloat2Components.uasset" 250
"../../../Engine/Content/Functions/Engine_MaterialFunctions02/Utility/BreakOutFloat2Components.uexp" 251
"../../../Engine/Content/EngineMaterials/DefaultPostProcessMaterial.uasset" 252
"../../../Engine/Content/EngineMaterials/DefaultPostProcessMaterial.uexp" 253
"../../../Engine/Content/EngineFonts/RobotoDistanceField.uasset" 254
"../../../Engine/Content/EngineFonts/RobotoDistanceField.uexp" 255
"../../../Engine/Content/EngineMaterials/DefaultTextMaterialOpaque.uasset" 256
"../../../Engine/Content/EngineMaterials/DefaultTextMaterialOpaque.uexp" 257
"../../../Engine/Content/EngineMaterials/DefaultWhiteGrid.uasset" 258
"../../../Engine/Content/EngineMaterials/DefaultWhiteGrid.uexp" 259
"../../../Engine/Content/EngineMaterials/DefaultWhiteGrid.ubulk" 260
"../../../Engine/Content/EngineMaterials/DefaultWhiteGrid_Low.uasset" 261
"../../../Engine/Content/EngineMaterials/DefaultWhiteGrid_Low.uexp" 262
"../../../Engine/Content/EngineMaterials/EmissiveMeshMaterial.uasset" 263
"../../../Engine/Content/EngineMaterials/EmissiveMeshMaterial.uexp" 264
"../../../Engine/Content/EngineMaterials/GizmoMaterial.uasset" 265
"../../../Engine/Content/EngineMaterials/GizmoMaterial.uexp" 266
"../../../Engine/Content/EngineMaterials/Good64x64TilingNoiseHighFreq.uasset" 267
"../../../Engine/Content/EngineMaterials/Good64x64TilingNoiseHighFreq.uexp" 268
"../../../Engine/Content/EngineMaterials/MiniFont.uasset" 269
"../../../Engine/Content/EngineMaterials/MiniFont.uexp" 270
"../../../Engine/Content/EngineMaterials/InvalidLightmapSettings.uasset" 271
"../../../Engine/Content/EngineMaterials/InvalidLightmapSettings.uexp" 272
"../../../Engine/Content/EngineMaterials/InvalidLightmapSettings.ubulk" 273
"../../../Engine/Content/EngineMaterials/M_InvalidLightmapSettings.uasset" 274
"../../../Engine/Content/EngineMaterials/M_InvalidLightmapSettings.uexp" 275
"../../../Engine/Content/Functions/Engine_MaterialFunctions02/WorldPositionOffset/CameraOffset.uasset" 276
"../../../Engine/Content/Functions/Engine_MaterialFunctions02/WorldPositionOffset/CameraOffset.uexp" 277
"../../../Engine/Content/EngineMaterials/PhAT_JointLimitMaterial.uasset" 278
"../../../Engine/Content/EngineMaterials/PhAT_JointLimitMaterial.uexp" 279
"../../../Engine/Content/EngineMaterials/DefaultCalibrationColor.uasset" 280
"../../../Engine/Content/EngineMaterials/DefaultCalibrationColor.uexp" 281
"../../../Engine/Content/EngineMaterials/PPM_DefaultCalibrationColor.uasset" 282
"../../../Engine/Content/EngineMaterials/PPM_DefaultCalibrationColor.uexp" 283
"../../../Engine/Content/EngineMaterials/DefaultCalibrationGrayscale.uasset" 284
"../../../Engine/Content/EngineMaterials/DefaultCalibrationGrayscale.uexp" 285
"../../../Engine/Content/EngineMaterials/PPM_DefaultCalibrationGrayscale.uasset" 286
"../../../Engine/Content/EngineMaterials/PPM_DefaultCalibrationGrayscale.uexp" 287
"../../../Engine/Content/EngineMaterials/PreintegratedSkinBRDF.uasset" 288
"../../../Engine/Content/EngineMaterials/PreintegratedSkinBRDF.uexp" 289
"../../../Engine/Content/EngineMaterials/RemoveSurfaceMaterial.uasset" 290
"../../../Engine/Content/EngineMaterials/RemoveSurfaceMaterial.uexp" 291
"../../../Engine/Content/EngineMaterials/WeightMapPlaceholderTexture.uasset" 292
"../../../Engine/Content/EngineMaterials/WeightMapPlaceholderTexture.uexp" 293
"../../../Engine/Content/EngineResources/WhiteSquareTexture.uasset" 294
"../../../Engine/Content/EngineResources/WhiteSquareTexture.uexp" 295
"../../../Engine/Content/EngineMaterials/Widget3DPassThrough.uasset" 296
"../../../Engine/Content/EngineMaterials/Widget3DPassThrough.uexp" 297
"../../../Engine/Content/EngineMaterials/Widget3DPassThrough_Masked.uasset" 298
"../../../Engine/Content/EngineMaterials/Widget3DPassThrough_Masked.uexp" 299
"../../../Engine/Content/EngineMaterials/Widget3DPassThrough_Opaque.uasset" 300
"../../../Engine/Content/EngineMaterials/Widget3DPassThrough_Opaque.uexp" 301
"../../../Engine/Content/EngineMaterials/Widget3DPassThrough_Masked_OneSided.uasset" 302
"../../../Engine/Content/EngineMaterials/Widget3DPassThrough_Masked_OneSided.uexp" 303
"../../../Engine/Content/EngineMaterials/Widget3DPassThrough_Opaque_OneSided.uasset" 304
"../../../Engine/Content/EngineMaterials/Widget3DPassThrough_Opaque_OneSided.uexp" 305
"../../../Engine/Content/EngineMaterials/Widget3DPassThrough_Translucent.uasset" 306
"../../../Engine/Content/EngineMaterials/Widget3DPassThrough_Translucent.uexp" 307
"../../../Engine/Content/EngineMaterials/Widget3DPassThrough_Translucent_OneSided.uasset" 308
"../../../Engine/Content/EngineMaterials/Widget3DPassThrough_Translucent_OneSided.uexp" 309
"../../../Engine/Content/EngineMeshes/Cylinder.uasset" 310
"../../../Engine/Content/EngineMeshes/Cylinder.uexp" 311
"../../../Engine/Content/EngineMeshes/Sphere.uasset" 312
"../../../Engine/Content/EngineMeshes/Sphere.uexp" 313
"../../../Engine/Content/EngineResources/DefaultTexture.uasset" 314
"../../../Engine/Content/EngineResources/DefaultTexture.uexp" 315
"../../../Engine/Content/EngineResources/DefaultTexture.ubulk" 316
"../../../Engine/Content/EngineResources/DefaultTextureCube.uasset" 317
"../../../Engine/Content/EngineResources/DefaultTextureCube.uexp" 318
"../../../Engine/Content/EngineResources/DefaultVolumeTexture2D.uasset" 319
"../../../Engine/Content/EngineResources/DefaultVolumeTexture2D.uexp" 320
"../../../Engine/Content/EngineResources/DefaultVolumeTexture.uasset" 321
"../../../Engine/Content/EngineResources/DefaultVolumeTexture.uexp" 322
"../../../Engine/Content/EngineResources/GradientTexture0.uasset" 323
"../../../Engine/Content/EngineResources/GradientTexture0.uexp" 324
"../../../Engine/Content/EngineSky/VolumetricClouds/T_NoiseShape64.uasset" 325
"../../../Engine/Content/EngineSky/VolumetricClouds/T_NoiseShape64.uexp" 326
"../../../Engine/Content/EngineSky/VolumetricClouds/T_NoiseShape64.ubulk" 327
"../../../Engine/Content/EngineSky/VolumetricClouds/T_VolumeNoiseShape64.uasset" 328
"../../../Engine/Content/EngineSky/VolumetricClouds/T_VolumeNoiseShape64.uexp" 329
"../../../Engine/Content/EngineSky/VolumetricClouds/T_NoiseErosion.uasset" 330
"../../../Engine/Content/EngineSky/VolumetricClouds/T_NoiseErosion.uexp" 331
"../../../Engine/Content/EngineSky/VolumetricClouds/T_NoiseErosion.ubulk" 332
"../../../Engine/Content/EngineSky/VolumetricClouds/T_VolumeNoiseErosion32.uasset" 333
"../../../Engine/Content/EngineSky/VolumetricClouds/T_VolumeNoiseErosion32.uexp" 334
"../../../Engine/Content/EngineSky/VolumetricClouds/CloudWeatherTexture.uasset" 335
"../../../Engine/Content/EngineSky/VolumetricClouds/CloudWeatherTexture.uexp" 336
"../../../Engine/Content/EngineSky/VolumetricClouds/CloudGradientTexture.uasset" 337
"../../../Engine/Content/EngineSky/VolumetricClouds/CloudGradientTexture.uexp" 338
"../../../Engine/Content/Functions/Engine_MaterialFunctions02/Utility/MakeFloat2.uasset" 339
"../../../Engine/Content/Functions/Engine_MaterialFunctions02/Utility/MakeFloat2.uexp" 340
"../../../Engine/Content/EngineSky/VolumetricClouds/m_SimpleVolumetricCloud.uasset" 341
"../../../Engine/Content/EngineSky/VolumetricClouds/m_SimpleVolumetricCloud.uexp" 342
"../../../Engine/Content/EngineSky/VolumetricClouds/m_SimpleVolumetricCloud_Inst.uasset" 343
"../../../Engine/Content/EngineSky/VolumetricClouds/m_SimpleVolumetricCloud_Inst.uexp" 344
"../../../Engine/Content/Functions/Engine_MaterialFunctions01/Shading/PowerToRoughness.uasset" 345
"../../../Engine/Content/Functions/Engine_MaterialFunctions01/Shading/PowerToRoughness.uexp" 346
"../../../Engine/Content/Maps/Templates/Thumbnails/Default.uasset" 347
"../../../Engine/Content/Maps/Templates/Thumbnails/Default.uexp" 348
"../../../Engine/Content/Maps/Templates/Thumbnails/TimeOfDay.uasset" 349
"../../../Engine/Content/Maps/Templates/Thumbnails/TimeOfDay.uexp" 350
"../../../Engine/Content/Maps/Templates/Thumbnails/VR-Basic.uasset" 351
"../../../Engine/Content/Maps/Templates/Thumbnails/VR-Basic.uexp" 352
"../../../Engine/Content/MobileResources/T_MobileControls_texture.uasset" 353
"../../../Engine/Content/MobileResources/T_MobileControls_texture.uexp" 354
"../../../Engine/Content/MobileResources/T_MobileMenu2.uasset" 355
"../../../Engine/Content/MobileResources/T_MobileMenu2.uexp" 356
"../../../Engine/Content/MobileResources/HUD/AnalogHat.uasset" 357
"../../../Engine/Content/MobileResources/HUD/AnalogHat.uexp" 358
"../../../Engine/Content/MobileResources/HUD/VirtualJoystick_Thumb.uasset" 359
"../../../Engine/Content/MobileResources/HUD/VirtualJoystick_Thumb.uexp" 360
"../../../Engine/Content/MobileResources/HUD/VirtualJoystick_Background.uasset" 361
"../../../Engine/Content/MobileResources/HUD/VirtualJoystick_Background.uexp" 362
"../../../Engine/Content/MobileResources/HUD/DefaultVirtualJoysticks.uasset" 363
"../../../Engine/Content/MobileResources/HUD/DefaultVirtualJoysticks.uexp" 364
"../../../Engine/Content/MobileResources/HUD/LeftVirtualJoystickOnly.uasset" 365
"../../../Engine/Content/MobileResources/HUD/LeftVirtualJoystickOnly.uexp" 366
"../../../Engine/Content/MobileResources/HUD/MobileHUDButton1_off.uasset" 367
"../../../Engine/Content/MobileResources/HUD/MobileHUDButton1_off.uexp" 368
"../../../Engine/Content/MobileResources/HUD/MobileHUDButton1_on.uasset" 369
"../../../Engine/Content/MobileResources/HUD/MobileHUDButton1_on.uexp" 370
"../../../Engine/Content/MobileResources/HUD/MobileHUDButton2_off.uasset" 371
"../../../Engine/Content/MobileResources/HUD/MobileHUDButton2_off.uexp" 372
"../../../Engine/Content/MobileResources/HUD/MobileHUDButton2_on.uasset" 373
"../../../Engine/Content/MobileResources/HUD/MobileHUDButton2_on.uexp" 374
"../../../Engine/Content/MobileResources/HUD/MobileHUDButton3.uasset" 375
"../../../Engine/Content/MobileResources/HUD/MobileHUDButton3.uexp" 376
"../../../Engine/Content/MobileResources/HUD/MobileHUDButtonFire.uasset" 377
"../../../Engine/Content/MobileResources/HUD/MobileHUDButtonFire.uexp" 378
"../../../Engine/Content/MobileResources/HUD/MobileHUDDirectionPad.uasset" 379
"../../../Engine/Content/MobileResources/HUD/MobileHUDDirectionPad.uexp" 380
"../../../Engine/Content/MobileResources/HUD/MobileHUDDirectionPad2.uasset" 381
"../../../Engine/Content/MobileResources/HUD/MobileHUDDirectionPad2.uexp" 382
"../../../Engine/Content/MobileResources/HUD/MobileHUDDirectionPad3.uasset" 383
"../../../Engine/Content/MobileResources/HUD/MobileHUDDirectionPad3.uexp" 384
"../../../Engine/Content/MobileResources/HUD/MobileHUDDirectionStick.uasset" 385
"../../../Engine/Content/MobileResources/HUD/MobileHUDDirectionStick.uexp" 386
"../../../Engine/Content/MobileResources/HUD/T_Castle_ThumbstickInner.uasset" 387
"../../../Engine/Content/MobileResources/HUD/T_Castle_ThumbstickInner.uexp" 388
"../../../Engine/Content/MobileResources/HUD/T_Castle_ThumbstickOutter.uasset" 389
"../../../Engine/Content/MobileResources/HUD/T_Castle_ThumbstickOutter.uexp" 390
"../../../Engine/Content/Tutorial/ContentIntroCurve.uasset" 391
"../../../Engine/Content/Tutorial/ContentIntroCurve.uexp" 392
"../../../Engine/Content/VREditor/TransformGizmo/TranslucentTransformGizmoMaterial.uasset" 393
"../../../Engine/Content/VREditor/TransformGizmo/TranslucentTransformGizmoMaterial.uexp" 394
"../../../Engine/Content/VREditor/LaserPointer/VR_LaserPower_01.uasset" 395
"../../../Engine/Content/VREditor/LaserPointer/VR_LaserPower_01.uexp" 396
"../../../Engine/Content/VREditor/LaserPointer/VR_LaserPower_01.ubulk" 397
"../../../Engine/Content/VREditor/TransformGizmo/TransformGizmoMaterial.uasset" 398
"../../../Engine/Content/VREditor/TransformGizmo/TransformGizmoMaterial.uexp" 399
"../../../Engine/Content/VREditor/TransformGizmo/BoundingBoxCorner.uasset" 400
"../../../Engine/Content/VREditor/TransformGizmo/BoundingBoxCorner.uexp" 401
"../../../Engine/Content/VREditor/TransformGizmo/BoundingBoxEdge.uasset" 402
"../../../Engine/Content/VREditor/TransformGizmo/BoundingBoxEdge.uexp" 403
"../../../Engine/Content/VREditor/TransformGizmo/PlaneTranslationHandle.uasset" 404
"../../../Engine/Content/VREditor/TransformGizmo/PlaneTranslationHandle.uexp" 405
"../../../Engine/Content/VREditor/TransformGizmo/Xray.uasset" 406
"../../../Engine/Content/VREditor/TransformGizmo/Xray.uexp" 407
"../../../Engine/Content/VREditor/TransformGizmo/Main.uasset" 408
"../../../Engine/Content/VREditor/TransformGizmo/Main.uexp" 409
"../../../Engine/Content/VREditor/TransformGizmo/SM_Sequencer_Key.uasset" 410
"../../../Engine/Content/VREditor/TransformGizmo/SM_Sequencer_Key.uexp" 411
"../../../Engine/Content/VREditor/TransformGizmo/SM_Sequencer_Node.uasset" 412
"../../../Engine/Content/VREditor/TransformGizmo/SM_Sequencer_Node.uexp" 413
"../../../Engine/Plugins/2D/Paper2D/Content/PlaceholderTextures/DummySpriteTexture.uasset" 414
"../../../Engine/Plugins/2D/Paper2D/Content/PlaceholderTextures/DummySpriteTexture.uexp" 415
"../../../Engine/Plugins/2D/Paper2D/Content/PlaceholderTextures/DummySpriteTexture.ubulk" 416
"../../../Engine/Plugins/2D/Paper2D/Content/DummySprite.uasset" 417
"../../../Engine/Plugins/2D/Paper2D/Content/DummySprite.uexp" 418
"../../../Engine/Plugins/2D/Paper2D/Content/DefaultPaperTerrainMaterial.uasset" 419
"../../../Engine/Plugins/2D/Paper2D/Content/DefaultPaperTerrainMaterial.uexp" 420
"../../../Engine/Plugins/2D/Paper2D/Content/DefaultSpriteMaterial.uasset" 421
"../../../Engine/Plugins/2D/Paper2D/Content/DefaultSpriteMaterial.uexp" 422
"../../../Engine/Plugins/2D/Paper2D/Content/MaskedUnlitSpriteMaterial.uasset" 423
"../../../Engine/Plugins/2D/Paper2D/Content/MaskedUnlitSpriteMaterial.uexp" 424
"../../../Engine/Plugins/2D/Paper2D/Content/OpaqueUnlitSpriteMaterial.uasset" 425
"../../../Engine/Plugins/2D/Paper2D/Content/OpaqueUnlitSpriteMaterial.uexp" 426
"../../../Engine/Content/Functions/Engine_MaterialFunctions02/Utility/VectorLength.uasset" 427
"../../../Engine/Content/Functions/Engine_MaterialFunctions02/Utility/VectorLength.uexp" 428
"../../../Engine/Content/Functions/Engine_MaterialFunctions02/Utility/BreakOutFloat3Components.uasset" 429
"../../../Engine/Content/Functions/Engine_MaterialFunctions02/Utility/BreakOutFloat3Components.uexp" 430
"../../../Engine/Content/Functions/Engine_MaterialFunctions02/ObjectLocalBounds.uasset" 431
"../../../Engine/Content/Functions/Engine_MaterialFunctions02/ObjectLocalBounds.uexp" 432
"../../../Engine/Content/Functions/Engine_MaterialFunctions02/UVs/BoundingBoxBased_0-1_UVW.uasset" 433
"../../../Engine/Content/Functions/Engine_MaterialFunctions02/UVs/BoundingBoxBased_0-1_UVW.uexp" 434
"../../../Engine/Content/Functions/Engine_MaterialFunctions02/SafeNormalize.uasset" 435
"../../../Engine/Content/Functions/Engine_MaterialFunctions02/SafeNormalize.uexp" 436
"../../../Engine/Content/Functions/Engine_MaterialFunctions02/WorldPositionOffset/ObjectScale.uasset" 437
"../../../Engine/Content/Functions/Engine_MaterialFunctions02/WorldPositionOffset/ObjectScale.uexp" 438
"../../../Engine/Plugins/Editor/SpeedTreeImporter/Content/SpeedTree9/UnpackInteger3.uasset" 439
"../../../Engine/Plugins/Editor/SpeedTreeImporter/Content/SpeedTree9/UnpackInteger3.uexp" 440
"../../../Engine/Plugins/Editor/SpeedTreeImporter/Content/SpeedTree9/UnpackDirection.uasset" 441
"../../../Engine/Plugins/Editor/SpeedTreeImporter/Content/SpeedTree9/UnpackDirection.uexp" 442
"../../../Engine/Plugins/Editor/SpeedTreeImporter/Content/SpeedTree9/game_wind_noise.uasset" 443
"../../../Engine/Plugins/Editor/SpeedTreeImporter/Content/SpeedTree9/game_wind_noise.uexp" 444
"../../../Engine/Plugins/Editor/SpeedTreeImporter/Content/SpeedTree9/game_wind_noise.ubulk" 445
"../../../Engine/Plugins/Editor/SpeedTreeImporter/Content/SpeedTree9/SpeedTreeWindMotion.uasset" 446
"../../../Engine/Plugins/Editor/SpeedTreeImporter/Content/SpeedTree9/SpeedTreeWindMotion.uexp" 447
"../../../Engine/Plugins/Editor/SpeedTreeImporter/Content/SpeedTree9/SpeedTreeBranchMotion.uasset" 448
"../../../Engine/Plugins/Editor/SpeedTreeImporter/Content/SpeedTree9/SpeedTreeBranchMotion.uexp" 449
"../../../Engine/Plugins/Editor/SpeedTreeImporter/Content/SpeedTree9/SpeedTreeWind.uasset" 450
"../../../Engine/Plugins/Editor/SpeedTreeImporter/Content/SpeedTree9/SpeedTreeWind.uexp" 451
"../../../Engine/Plugins/Editor/SpeedTreeImporter/Content/SpeedTree9/SpeedTreeBillboard.uasset" 452
"../../../Engine/Plugins/Editor/SpeedTreeImporter/Content/SpeedTree9/SpeedTreeBillboard.uexp" 453
"../../../Engine/Plugins/Editor/SpeedTreeImporter/Content/SpeedTree9/EmptyNormal.uasset" 454
"../../../Engine/Plugins/Editor/SpeedTreeImporter/Content/SpeedTree9/EmptyNormal.uexp" 455
"../../../Engine/Plugins/Editor/SpeedTreeImporter/Content/SpeedTree9/Empty.uasset" 456
"../../../Engine/Plugins/Editor/SpeedTreeImporter/Content/SpeedTree9/Empty.uexp" 457
"../../../Engine/Plugins/Editor/SpeedTreeImporter/Content/SpeedTree9/SpeedTreeBillboardMaster.uasset" 458
"../../../Engine/Plugins/Editor/SpeedTreeImporter/Content/SpeedTree9/SpeedTreeBillboardMaster.uexp" 459
"../../../Engine/Plugins/Editor/SpeedTreeImporter/Content/SpeedTree9/SpeedTreeCameraFacing.uasset" 460
"../../../Engine/Plugins/Editor/SpeedTreeImporter/Content/SpeedTree9/SpeedTreeCameraFacing.uexp" 461
"../../../Engine/Plugins/Editor/SpeedTreeImporter/Content/SpeedTree9/SpeedTreeMaster.uasset" 462
"../../../Engine/Plugins/Editor/SpeedTreeImporter/Content/SpeedTree9/SpeedTreeMaster.uexp" 463
"../../../Engine/Content/BasicShapes/Cylinder.uasset" 464
"../../../Engine/Content/BasicShapes/Cylinder.uexp" 465
"../../../Engine/Content/ArtTools/RenderToTexture/Materials/Debug/M_Emissive_Color.uasset" 466
"../../../Engine/Content/ArtTools/RenderToTexture/Materials/Debug/M_Emissive_Color.uexp" 467
"../../../Engine/Plugins/Lumin/MagicLeapPassableWorld/Content/MagicLeapARPinInfoActor.uasset" 468
"../../../Engine/Plugins/Lumin/MagicLeapPassableWorld/Content/MagicLeapARPinInfoActor.uexp" 469
"../../../Engine/Content/EngineResources/Black.uasset" 470
"../../../Engine/Content/EngineResources/Black.uexp" 471
"../../../Engine/Plugins/Runtime/OpenXR/Content/Devices/GoogleDaydream/MRTexture.uasset" 472
"../../../Engine/Plugins/Runtime/OpenXR/Content/Devices/GoogleDaydream/MRTexture.uexp" 473
"../../../Engine/Plugins/Runtime/OpenXR/Content/Devices/GoogleDaydream/MRTexture.ubulk" 474
"../../../Engine/Plugins/Runtime/OpenXR/Content/Devices/GoogleDaydream/BaseTexture.uasset" 475
"../../../Engine/Plugins/Runtime/OpenXR/Content/Devices/GoogleDaydream/BaseTexture.uexp" 476
"../../../Engine/Plugins/Runtime/OpenXR/Content/Devices/GoogleDaydream/BaseTexture.ubulk" 477
"../../../Engine/Plugins/Runtime/OpenXR/Content/Devices/M_XRController.uasset" 478
"../../../Engine/Plugins/Runtime/OpenXR/Content/Devices/M_XRController.uexp" 479
"../../../Engine/Plugins/Runtime/OpenXR/Content/Devices/GoogleDaydream/MI_GoogleDaydream.uasset" 480
"../../../Engine/Plugins/Runtime/OpenXR/Content/Devices/GoogleDaydream/MI_GoogleDaydream.uexp" 481
"../../../Engine/Plugins/Runtime/OpenXR/Content/Devices/GoogleDaydream/GoogleDaydreamController.uasset" 482
"../../../Engine/Plugins/Runtime/OpenXR/Content/Devices/GoogleDaydream/GoogleDaydreamController.uexp" 483
"../../../Engine/Plugins/Runtime/OpenXR/Content/Devices/HTCVive/BaseTexture.uasset" 484
"../../../Engine/Plugins/Runtime/OpenXR/Content/Devices/HTCVive/BaseTexture.uexp" 485
"../../../Engine/Plugins/Runtime/OpenXR/Content/Devices/HTCVive/BaseTexture.ubulk" 486
"../../../Engine/Plugins/Runtime/OpenXR/Content/Devices/HTCVive/MI_HTCVive.uasset" 487
"../../../Engine/Plugins/Runtime/OpenXR/Content/Devices/HTCVive/MI_HTCVive.uexp" 488
"../../../Engine/Plugins/Runtime/OpenXR/Content/Devices/HTCVive/HTCViveController.uasset" 489
"../../../Engine/Plugins/Runtime/OpenXR/Content/Devices/HTCVive/HTCViveController.uexp" 490
"../../../Engine/Plugins/Runtime/OpenXR/Content/Devices/MicrosoftMixedReality/NormalTexture.uasset" 491
"../../../Engine/Plugins/Runtime/OpenXR/Content/Devices/MicrosoftMixedReality/NormalTexture.uexp" 492
"../../../Engine/Plugins/Runtime/OpenXR/Content/Devices/MicrosoftMixedReality/NormalTexture.ubulk" 493
"../../../Engine/Plugins/Runtime/OpenXR/Content/Devices/MicrosoftMixedReality/MRTexture.uasset" 494
"../../../Engine/Plugins/Runtime/OpenXR/Content/Devices/MicrosoftMixedReality/MRTexture.uexp" 495
"../../../Engine/Plugins/Runtime/OpenXR/Content/Devices/MicrosoftMixedReality/MRTexture.ubulk" 496
"../../../Engine/Plugins/Runtime/OpenXR/Content/Devices/MicrosoftMixedReality/EmissiveTexture.uasset" 497
"../../../Engine/Plugins/Runtime/OpenXR/Content/Devices/MicrosoftMixedReality/EmissiveTexture.uexp" 498
"../../../Engine/Plugins/Runtime/OpenXR/Content/Devices/MicrosoftMixedReality/EmissiveTexture.ubulk" 499
"../../../Engine/Plugins/Runtime/OpenXR/Content/Devices/MicrosoftMixedReality/BaseTexture.uasset" 500
"../../../Engine/Plugins/Runtime/OpenXR/Content/Devices/MicrosoftMixedReality/BaseTexture.uexp" 501
"../../../Engine/Plugins/Runtime/OpenXR/Content/Devices/MicrosoftMixedReality/BaseTexture.ubulk" 502
"../../../Engine/Plugins/Runtime/OpenXR/Content/Devices/MicrosoftMixedReality/MI_MicrosoftMixedReality.uasset" 503
"../../../Engine/Plugins/Runtime/OpenXR/Content/Devices/MicrosoftMixedReality/MI_MicrosoftMixedReality.uexp" 504
"../../../Engine/Plugins/Runtime/OpenXR/Content/Devices/MicrosoftMixedReality/Left/left_MicrosoftMixedRealityController.uasset" 505
"../../../Engine/Plugins/Runtime/OpenXR/Content/Devices/MicrosoftMixedReality/Left/left_MicrosoftMixedRealityController.uexp" 506
"../../../Engine/Plugins/Runtime/OpenXR/Content/Devices/MicrosoftMixedReality/Right/right_MicrosoftMixedRealityController.uasset" 507
"../../../Engine/Plugins/Runtime/OpenXR/Content/Devices/MicrosoftMixedReality/Right/right_MicrosoftMixedRealityController.uexp" 508
"../../../Engine/Plugins/Runtime/OpenXR/Content/Devices/OculusGo/BaseTexture.uasset" 509
"../../../Engine/Plugins/Runtime/OpenXR/Content/Devices/OculusGo/BaseTexture.uexp" 510
"../../../Engine/Plugins/Runtime/OpenXR/Content/Devices/OculusGo/BaseTexture.ubulk" 511
"../../../Engine/Plugins/Runtime/OpenXR/Content/Devices/OculusGo/MI_OculusGo.uasset" 512
"../../../Engine/Plugins/Runtime/OpenXR/Content/Devices/OculusGo/MI_OculusGo.uexp" 513
"../../../Engine/Plugins/Runtime/OpenXR/Content/Devices/OculusGo/OculusGoController.uasset" 514
"../../../Engine/Plugins/Runtime/OpenXR/Content/Devices/OculusGo/OculusGoController.uexp" 515
"../../../Engine/Plugins/Runtime/OpenXR/Content/Devices/OculusTouch/MRTexture.uasset" 516
"../../../Engine/Plugins/Runtime/OpenXR/Content/Devices/OculusTouch/MRTexture.uexp" 517
"../../../Engine/Plugins/Runtime/OpenXR/Content/Devices/OculusTouch/MRTexture.ubulk" 518
"../../../Engine/Plugins/Runtime/OpenXR/Content/Devices/OculusTouch/BaseTexture.uasset" 519
"../../../Engine/Plugins/Runtime/OpenXR/Content/Devices/OculusTouch/BaseTexture.uexp" 520
"../../../Engine/Plugins/Runtime/OpenXR/Content/Devices/OculusTouch/BaseTexture.ubulk" 521
"../../../Engine/Plugins/Runtime/OpenXR/Content/Devices/OculusTouch/MI_OculusTouch.uasset" 522
"../../../Engine/Plugins/Runtime/OpenXR/Content/Devices/OculusTouch/MI_OculusTouch.uexp" 523
"../../../Engine/Plugins/Runtime/OpenXR/Content/Devices/OculusTouch/Left/left_OculusTouchController.uasset" 524
"../../../Engine/Plugins/Runtime/OpenXR/Content/Devices/OculusTouch/Left/left_OculusTouchController.uexp" 525
"../../../Engine/Plugins/Runtime/OpenXR/Content/Devices/OculusTouch/Right/right_OculusTouchController.uasset" 526
"../../../Engine/Plugins/Runtime/OpenXR/Content/Devices/OculusTouch/Right/right_OculusTouchController.uexp" 527
"../../../Engine/Plugins/Runtime/OpenXR/Content/Devices/OculusTouch_v2/MRTexture.uasset" 528
"../../../Engine/Plugins/Runtime/OpenXR/Content/Devices/OculusTouch_v2/MRTexture.uexp" 529
"../../../Engine/Plugins/Runtime/OpenXR/Content/Devices/OculusTouch_v2/MRTexture.ubulk" 530
"../../../Engine/Plugins/Runtime/OpenXR/Content/Devices/OculusTouch_v2/BaseTexture.uasset" 531
"../../../Engine/Plugins/Runtime/OpenXR/Content/Devices/OculusTouch_v2/BaseTexture.uexp" 532
"../../../Engine/Plugins/Runtime/OpenXR/Content/Devices/OculusTouch_v2/BaseTexture.ubulk" 533
"../../../Engine/Plugins/Runtime/OpenXR/Content/Devices/OculusTouch_v2/MI_OculusTouch_v2.uasset" 534
"../../../Engine/Plugins/Runtime/OpenXR/Content/Devices/OculusTouch_v2/MI_OculusTouch_v2.uexp" 535
"../../../Engine/Plugins/Runtime/OpenXR/Content/Devices/OculusTouch_v2/Left/left_OculusTouch_v2Controller.uasset" 536
"../../../Engine/Plugins/Runtime/OpenXR/Content/Devices/OculusTouch_v2/Left/left_OculusTouch_v2Controller.uexp" 537
"../../../Engine/Plugins/Runtime/OpenXR/Content/Devices/OculusTouch_v2/Right/right_OculusTouch_v2Controller.uasset" 538
"../../../Engine/Plugins/Runtime/OpenXR/Content/Devices/OculusTouch_v2/Right/right_OculusTouch_v2Controller.uexp" 539
"../../../Engine/Plugins/Runtime/OpenXR/Content/Devices/OculusTouch_v3/MRTexture.uasset" 540
"../../../Engine/Plugins/Runtime/OpenXR/Content/Devices/OculusTouch_v3/MRTexture.uexp" 541
"../../../Engine/Plugins/Runtime/OpenXR/Content/Devices/OculusTouch_v3/MRTexture.ubulk" 542
"../../../Engine/Plugins/Runtime/OpenXR/Content/Devices/OculusTouch_v3/BaseTexture.uasset" 543
"../../../Engine/Plugins/Runtime/OpenXR/Content/Devices/OculusTouch_v3/BaseTexture.uexp" 544
"../../../Engine/Plugins/Runtime/OpenXR/Content/Devices/OculusTouch_v3/BaseTexture.ubulk" 545
"../../../Engine/Plugins/Runtime/OpenXR/Content/Devices/OculusTouch_v3/MI_OculusTouch_v3.uasset" 546
"../../../Engine/Plugins/Runtime/OpenXR/Content/Devices/OculusTouch_v3/MI_OculusTouch_v3.uexp" 547
"../../../Engine/Plugins/Runtime/OpenXR/Content/Devices/OculusTouch_v3/Left/left_OculusTouch_v3Controller.uasset" 548
"../../../Engine/Plugins/Runtime/OpenXR/Content/Devices/OculusTouch_v3/Left/left_OculusTouch_v3Controller.uexp" 549
"../../../Engine/Plugins/Runtime/OpenXR/Content/Devices/OculusTouch_v3/Right/right_OculusTouch_v3Controller.uasset" 550
"../../../Engine/Plugins/Runtime/OpenXR/Content/Devices/OculusTouch_v3/Right/right_OculusTouch_v3Controller.uexp" 551
"../../../Engine/Plugins/Runtime/OpenXR/Content/Devices/ValveIndex/MRTexture.uasset" 552
"../../../Engine/Plugins/Runtime/OpenXR/Content/Devices/ValveIndex/MRTexture.uexp" 553
"../../../Engine/Plugins/Runtime/OpenXR/Content/Devices/ValveIndex/MRTexture.ubulk" 554
"../../../Engine/Plugins/Runtime/OpenXR/Content/Devices/ValveIndex/BaseTexture.uasset" 555
"../../../Engine/Plugins/Runtime/OpenXR/Content/Devices/ValveIndex/BaseTexture.uexp" 556
"../../../Engine/Plugins/Runtime/OpenXR/Content/Devices/ValveIndex/BaseTexture.ubulk" 557
"../../../Engine/Plugins/Runtime/OpenXR/Content/Devices/ValveIndex/Left/MI_left_ValveIndex.uasset" 558
"../../../Engine/Plugins/Runtime/OpenXR/Content/Devices/ValveIndex/Left/MI_left_ValveIndex.uexp" 559
"../../../Engine/Plugins/Runtime/OpenXR/Content/Devices/ValveIndex/Left/left_ValveIndexController.uasset" 560
"../../../Engine/Plugins/Runtime/OpenXR/Content/Devices/ValveIndex/Left/left_ValveIndexController.uexp" 561
"../../../Engine/Plugins/Runtime/OpenXR/Content/Devices/ValveIndex/Right/MI_right_ValveIndex.uasset" 562
"../../../Engine/Plugins/Runtime/OpenXR/Content/Devices/ValveIndex/Right/MI_right_ValveIndex.uexp" 563
"../../../Engine/Plugins/Runtime/OpenXR/Content/Devices/ValveIndex/Right/right_ValveIndexController.uasset" 564
"../../../Engine/Plugins/Runtime/OpenXR/Content/Devices/ValveIndex/Right/right_ValveIndexController.uexp" 565
"../../../Engine/Content/Functions/Engine_MaterialFunctions02/Utility/BreakOutFloat4Components.uasset" 566
"../../../Engine/Content/Functions/Engine_MaterialFunctions02/Utility/BreakOutFloat4Components.uexp" 567
"../../../Engine/Content/Functions/Engine_MaterialFunctions02/Utility/MakeFloat3.uasset" 568
"../../../Engine/Content/Functions/Engine_MaterialFunctions02/Utility/MakeFloat3.uexp" 569
"../../../Engine/Plugins/Runtime/Oculus/OculusVR/Content/Materials/OculusMR_ChromaKey.uasset" 570
"../../../Engine/Plugins/Runtime/Oculus/OculusVR/Content/Materials/OculusMR_ChromaKey.uexp" 571
"../../../Engine/Plugins/Runtime/Oculus/OculusVR/Content/Materials/OculusMR_OpaqueColoredMaterial.uasset" 572
"../../../Engine/Plugins/Runtime/Oculus/OculusVR/Content/Materials/OculusMR_OpaqueColoredMaterial.uexp" 573
"../../../Engine/Plugins/Runtime/Oculus/OculusVR/Content/Materials/PokeAHoleMaterial.uasset" 574
"../../../Engine/Plugins/Runtime/Oculus/OculusVR/Content/Materials/PokeAHoleMaterial.uexp" 575
"../../../Engine/Plugins/Runtime/Oculus/OculusVR/Content/Textures/touchController_controlmap.uasset" 576
"../../../Engine/Plugins/Runtime/Oculus/OculusVR/Content/Textures/touchController_controlmap.uexp" 577
"../../../Engine/Plugins/Runtime/Oculus/OculusVR/Content/Textures/touchController_controlmap.ubulk" 578
"../../../Engine/Plugins/Runtime/Oculus/OculusVR/Content/Textures/touchController_albedo.uasset" 579
"../../../Engine/Plugins/Runtime/Oculus/OculusVR/Content/Textures/touchController_albedo.uexp" 580
"../../../Engine/Plugins/Runtime/Oculus/OculusVR/Content/Textures/touchController_albedo.ubulk" 581
"../../../Engine/Plugins/Runtime/Oculus/OculusVR/Content/Materials/touchController_mat.uasset" 582
"../../../Engine/Plugins/Runtime/Oculus/OculusVR/Content/Materials/touchController_mat.uexp" 583
"../../../Engine/Plugins/Runtime/Oculus/OculusVR/Content/Meshes/LeftTouchController.uasset" 584
"../../../Engine/Plugins/Runtime/Oculus/OculusVR/Content/Meshes/LeftTouchController.uexp" 585
"../../../Engine/Plugins/Runtime/Oculus/OculusVR/Content/Textures/TouchForQuestRiftSController_albedo.uasset" 586
"../../../Engine/Plugins/Runtime/Oculus/OculusVR/Content/Textures/TouchForQuestRiftSController_albedo.uexp" 587
"../../../Engine/Plugins/Runtime/Oculus/OculusVR/Content/Textures/TouchForQuestRiftSController_albedo.ubulk" 588
"../../../Engine/Plugins/Runtime/Oculus/OculusVR/Content/Materials/TouchForQuestRiftSControllerMaterial.uasset" 589
"../../../Engine/Plugins/Runtime/Oculus/OculusVR/Content/Materials/TouchForQuestRiftSControllerMaterial.uexp" 590
"../../../Engine/Plugins/Runtime/Oculus/OculusVR/Content/Meshes/LeftTouchForQuestRiftSController.uasset" 591
"../../../Engine/Plugins/Runtime/Oculus/OculusVR/Content/Meshes/LeftTouchForQuestRiftSController.uexp" 592
"../../../Engine/Plugins/Runtime/Oculus/OculusVR/Content/Meshes/RiftHMD.uasset" 593
"../../../Engine/Plugins/Runtime/Oculus/OculusVR/Content/Meshes/RiftHMD.uexp" 594
"../../../Engine/Plugins/Runtime/Oculus/OculusVR/Content/Meshes/RightTouchController.uasset" 595
"../../../Engine/Plugins/Runtime/Oculus/OculusVR/Content/Meshes/RightTouchController.uexp" 596
"../../../Engine/Plugins/Runtime/Oculus/OculusVR/Content/Meshes/RightTouchForQuestRiftSController.uasset" 597
"../../../Engine/Plugins/Runtime/Oculus/OculusVR/Content/Meshes/RightTouchForQuestRiftSController.uexp" 598
"../../../Engine/Content/EngineSky/T_Sky_Stars.uasset" 599
"../../../Engine/Content/EngineSky/T_Sky_Stars.uexp" 600
"../../../Engine/Content/EngineSky/T_Sky_Stars.ubulk" 601
"../../../Engine/Content/EngineSky/T_Sky_Clouds_M.uasset" 602
"../../../Engine/Content/EngineSky/T_Sky_Clouds_M.uexp" 603
"../../../Engine/Content/EngineSky/T_Sky_Clouds_M.ubulk" 604
"../../../Engine/Content/EngineSky/T_Sky_Blue.uasset" 605
"../../../Engine/Content/EngineSky/T_Sky_Blue.uexp" 606
"../../../Engine/Content/EngineSky/T_Sky_Blue.ubulk" 607
"../../../Engine/Content/EngineSky/M_Sky_Panning_Clouds2.uasset" 608
"../../../Engine/Content/EngineSky/M_Sky_Panning_Clouds2.uexp" 609
"F:/Year 2 Project 2/Game/Build6/spookygame-master-puzzles/Content/Level/MainLevel_BuiltData.uasset" 610
"F:/Year 2 Project 2/Game/Build6/spookygame-master-puzzles/Content/Level/MainLevel_BuiltData.uexp" 611
"F:/Year 2 Project 2/Game/Build6/spookygame-master-puzzles/Content/Level/MainLevel_BuiltData.ubulk" 612
"../../../Engine/Content/EngineSky/SM_SkySphere.uasset" 613
"../../../Engine/Content/EngineSky/SM_SkySphere.uexp" 614
"../../../Engine/Content/EngineSky/C_Sky_Zenith_Color.uasset" 615
"../../../Engine/Content/EngineSky/C_Sky_Zenith_Color.uexp" 616
"../../../Engine/Content/EngineSky/C_Sky_Horizon_Color.uasset" 617
"../../../Engine/Content/EngineSky/C_Sky_Horizon_Color.uexp" 618
"../../../Engine/Content/EngineSky/C_Sky_Cloud_Color.uasset" 619
"../../../Engine/Content/EngineSky/C_Sky_Cloud_Color.uexp" 620
"../../../Engine/Content/EngineSky/BP_Sky_Sphere.uasset" 621
"../../../Engine/Content/EngineSky/BP_Sky_Sphere.uexp" 622
"F:/Year 2 Project 2/Game/Build6/spookygame-master-puzzles/Content/Level/MainLevel.uexp" 623
"F:/Year 2 Project 2/Game/Build6/spookygame-master-puzzles/Content/Level/MainLevel.umap" 624
"../../../Engine/Content/EngineSounds/Music.uasset" 625
"../../../Engine/Content/EngineSounds/Music.uexp" 626
"F:/Year 2 Project 2/Game/Build6/spookygame-master-puzzles/Content/Audio/MSC_Demonic_Microwave.uasset" 627
"F:/Year 2 Project 2/Game/Build6/spookygame-master-puzzles/Content/Audio/MSC_Demonic_Microwave.uexp" 628
"F:/Year 2 Project 2/Game/Build6/spookygame-master-puzzles/Content/UI/Widgets/WBP_Intro.uasset" 629
"F:/Year 2 Project 2/Game/Build6/spookygame-master-puzzles/Content/UI/Widgets/WBP_Intro.uexp" 630
"F:/Year 2 Project 2/Game/Build6/spookygame-master-puzzles/Content/Level/Lvl_Intro.uexp" 631
"F:/Year 2 Project 2/Game/Build6/spookygame-master-puzzles/Content/Level/Lvl_Intro.umap" 632
"F:/Year 2 Project 2/Game/Build6/spookygame-master-puzzles/Content/UI/Widgets/WBP_Outro.uasset" 633
"F:/Year 2 Project 2/Game/Build6/spookygame-master-puzzles/Content/UI/Widgets/WBP_Outro.uexp" 634
"F:/Year 2 Project 2/Game/Build6/spookygame-master-puzzles/Content/Level/Lvl_EndingLevel.uexp" 635
"F:/Year 2 Project 2/Game/Build6/spookygame-master-puzzles/Content/Level/Lvl_EndingLevel.umap" 636
"F:/Year 2 Project 2/Game/Build6/spookygame-master-puzzles/Content/Audio/SND_Lights_Flickeringt.uasset" 637
"F:/Year 2 Project 2/Game/Build6/spookygame-master-puzzles/Content/Audio/SND_Lights_Flickeringt.uexp" 638
"F:/Year 2 Project 2/Game/Build6/spookygame-master-puzzles/Content/Puzzles/FirstPersonBP/Blueprints/BP_Light.uasset" 639
"F:/Year 2 Project 2/Game/Build6/spookygame-master-puzzles/Content/Puzzles/FirstPersonBP/Blueprints/BP_Light.uexp" 640
"F:/Year 2 Project 2/Game/Build6/spookygame-master-puzzles/Content/Level/Lvl_Mansion_BuiltData.uasset" 641
"F:/Year 2 Project 2/Game/Build6/spookygame-master-puzzles/Content/Level/Lvl_Mansion_BuiltData.uexp" 642
"F:/Year 2 Project 2/Game/Build6/spookygame-master-puzzles/Content/Level/Lvl_Mansion_BuiltData.ubulk" 643
"../../../Engine/Content/Tutorial/SubEditors/TutorialAssets/Character/TutorialTPP_PhysicsAsset.uasset" 644
"../../../Engine/Content/Tutorial/SubEditors/TutorialAssets/Character/TutorialTPP_PhysicsAsset.uexp" 645
"../../../Engine/Content/Tutorial/SubEditors/TutorialAssets/Character/TutorialTPP_Mat.uasset" 646
"../../../Engine/Content/Tutorial/SubEditors/TutorialAssets/Character/TutorialTPP_Mat.uexp" 647
"../../../Engine/Content/Tutorial/SubEditors/TutorialAssets/Character/TutorialTPP_Skeleton.uasset" 648
"../../../Engine/Content/Tutorial/SubEditors/TutorialAssets/Character/TutorialTPP_Skeleton.uexp" 649
"../../../Engine/Content/Tutorial/SubEditors/TutorialAssets/Character/TutorialTPP.uasset" 650
"../../../Engine/Content/Tutorial/SubEditors/TutorialAssets/Character/TutorialTPP.uexp" 651
"../../../Engine/Content/Tutorial/SubEditors/TutorialAssets/TutorialMaterial.uasset" 652
"../../../Engine/Content/Tutorial/SubEditors/TutorialAssets/TutorialMaterial.uexp" 653
"F:/Year 2 Project 2/Game/Build6/spookygame-master-puzzles/Content/Ghost/BP_GhostTracking.uasset" 654
"F:/Year 2 Project 2/Game/Build6/spookygame-master-puzzles/Content/Ghost/BP_GhostTracking.uexp" 655
"F:/Year 2 Project 2/Game/Build6/spookygame-master-puzzles/Content/Puzzles/FirstPersonBP/Blueprints/BP_HauntedRadius.uasset" 656
"F:/Year 2 Project 2/Game/Build6/spookygame-master-puzzles/Content/Puzzles/FirstPersonBP/Blueprints/BP_HauntedRadius.uexp" 657
"F:/Year 2 Project 2/Game/Build6/spookygame-master-puzzles/Content/Ghost/BP_Ghost.uasset" 658
"F:/Year 2 Project 2/Game/Build6/spookygame-master-puzzles/Content/Ghost/BP_Ghost.uexp" 659
"F:/Year 2 Project 2/Game/Build6/spookygame-master-puzzles/Content/Mesh_Assets/Chandelier/Textures/Chandelier_LP_Chandelier_Main_Roughness_1001.uasset" 660
"F:/Year 2 Project 2/Game/Build6/spookygame-master-puzzles/Content/Mesh_Assets/Chandelier/Textures/Chandelier_LP_Chandelier_Main_Roughness_1001.uexp" 661
"F:/Year 2 Project 2/Game/Build6/spookygame-master-puzzles/Content/Mesh_Assets/Chandelier/Textures/Chandelier_LP_Chandelier_Main_Roughness_1001.ubulk" 662
"F:/Year 2 Project 2/Game/Build6/spookygame-master-puzzles/Content/Mesh_Assets/Chandelier/Textures/Chandelier_LP_Chandelier_Main_Normal_1001.uasset" 663
"F:/Year 2 Project 2/Game/Build6/spookygame-master-puzzles/Content/Mesh_Assets/Chandelier/Textures/Chandelier_LP_Chandelier_Main_Normal_1001.uexp" 664
"F:/Year 2 Project 2/Game/Build6/spookygame-master-puzzles/Content/Mesh_Assets/Chandelier/Textures/Chandelier_LP_Chandelier_Main_Normal_1001.ubulk" 665
"F:/Year 2 Project 2/Game/Build6/spookygame-master-puzzles/Content/Mesh_Assets/Chandelier/Textures/Chandelier_LP_Chandelier_Main_Metallic_1001.uasset" 666
"F:/Year 2 Project 2/Game/Build6/spookygame-master-puzzles/Content/Mesh_Assets/Chandelier/Textures/Chandelier_LP_Chandelier_Main_Metallic_1001.uexp" 667
"F:/Year 2 Project 2/Game/Build6/spookygame-master-puzzles/Content/Mesh_Assets/Chandelier/Textures/Chandelier_LP_Chandelier_Main_Metallic_1001.ubulk" 668
"F:/Year 2 Project 2/Game/Build6/spookygame-master-puzzles/Content/Mesh_Assets/Chandelier/Textures/Chandelier_LP_Chandelier_Main_BaseColor_1001.uasset" 669
"F:/Year 2 Project 2/Game/Build6/spookygame-master-puzzles/Content/Mesh_Assets/Chandelier/Textures/Chandelier_LP_Chandelier_Main_BaseColor_1001.uexp" 670
"F:/Year 2 Project 2/Game/Build6/spookygame-master-puzzles/Content/Mesh_Assets/Chandelier/Textures/Chandelier_LP_Chandelier_Main_BaseColor_1001.ubulk" 671
"F:/Year 2 Project 2/Game/Build6/spookygame-master-puzzles/Content/Mesh_Assets/Chandelier/Chandelier_Main.uasset" 672
"F:/Year 2 Project 2/Game/Build6/spookygame-master-puzzles/Content/Mesh_Assets/Chandelier/Chandelier_Main.uexp" 673
"F:/Year 2 Project 2/Game/Build6/spookygame-master-puzzles/Content/Mesh_Assets/Chandelier/Textures/Chandelier_LP_Cnandelier_Candles_Roughness_1001.uasset" 674
"F:/Year 2 Project 2/Game/Build6/spookygame-master-puzzles/Content/Mesh_Assets/Chandelier/Textures/Chandelier_LP_Cnandelier_Candles_Roughness_1001.uexp" 675
"F:/Year 2 Project 2/Game/Build6/spookygame-master-puzzles/Content/Mesh_Assets/Chandelier/Textures/Chandelier_LP_Cnandelier_Candles_Roughness_1001.ubulk" 676
"F:/Year 2 Project 2/Game/Build6/spookygame-master-puzzles/Content/Mesh_Assets/Chandelier/Textures/Chandelier_LP_Cnandelier_Candles_Normal_1001.uasset" 677
"F:/Year 2 Project 2/Game/Build6/spookygame-master-puzzles/Content/Mesh_Assets/Chandelier/Textures/Chandelier_LP_Cnandelier_Candles_Normal_1001.uexp" 678
"F:/Year 2 Project 2/Game/Build6/spookygame-master-puzzles/Content/Mesh_Assets/Chandelier/Textures/Chandelier_LP_Cnandelier_Candles_Normal_1001.ubulk" 679
"F:/Year 2 Project 2/Game/Build6/spookygame-master-puzzles/Content/Mesh_Assets/Chandelier/Textures/Chandelier_LP_Cnandelier_Candles_Metallic_1001.uasset" 680
"F:/Year 2 Project 2/Game/Build6/spookygame-master-puzzles/Content/Mesh_Assets/Chandelier/Textures/Chandelier_LP_Cnandelier_Candles_Metallic_1001.uexp" 681
"F:/Year 2 Project 2/Game/Build6/spookygame-master-puzzles/Content/Mesh_Assets/Chandelier/Textures/Chandelier_LP_Cnandelier_Candles_Metallic_1001.ubulk" 682
"F:/Year 2 Project 2/Game/Build6/spookygame-master-puzzles/Content/Mesh_Assets/Chandelier/Textures/Chandelier_LP_Cnandelier_Candles_BaseColor_1001.uasset" 683
"F:/Year 2 Project 2/Game/Build6/spookygame-master-puzzles/Content/Mesh_Assets/Chandelier/Textures/Chandelier_LP_Cnandelier_Candles_BaseColor_1001.uexp" 684
"F:/Year 2 Project 2/Game/Build6/spookygame-master-puzzles/Content/Mesh_Assets/Chandelier/Textures/Chandelier_LP_Cnandelier_Candles_BaseColor_1001.ubulk" 685
"F:/Year 2 Project 2/Game/Build6/spookygame-master-puzzles/Content/Mesh_Assets/Chandelier/Candle.uasset" 686
"F:/Year 2 Project 2/Game/Build6/spookygame-master-puzzles/Content/Mesh_Assets/Chandelier/Candle.uexp" 687
"F:/Year 2 Project 2/Game/Build6/spookygame-master-puzzles/Content/Mesh_Assets/Chandelier/Textures/Chandelier_LP_Chandelir_Wicks_Roughness_1001.uasset" 688
"F:/Year 2 Project 2/Game/Build6/spookygame-master-puzzles/Content/Mesh_Assets/Chandelier/Textures/Chandelier_LP_Chandelir_Wicks_Roughness_1001.uexp" 689
"F:/Year 2 Project 2/Game/Build6/spookygame-master-puzzles/Content/Mesh_Assets/Chandelier/Textures/Chandelier_LP_Chandelir_Wicks_Roughness_1001.ubulk" 690
"F:/Year 2 Project 2/Game/Build6/spookygame-master-puzzles/Content/Mesh_Assets/Chandelier/Textures/Chandelier_LP_Chandelir_Wicks_Normal_1001.uasset" 691
"F:/Year 2 Project 2/Game/Build6/spookygame-master-puzzles/Content/Mesh_Assets/Chandelier/Textures/Chandelier_LP_Chandelir_Wicks_Normal_1001.uexp" 692
"F:/Year 2 Project 2/Game/Build6/spookygame-master-puzzles/Content/Mesh_Assets/Chandelier/Textures/Chandelier_LP_Chandelir_Wicks_Normal_1001.ubulk" 693
"F:/Year 2 Project 2/Game/Build6/spookygame-master-puzzles/Content/Mesh_Assets/Chandelier/Textures/Chandelier_LP_Chandelir_Wicks_Metallic_1001.uasset" 694
"F:/Year 2 Project 2/Game/Build6/spookygame-master-puzzles/Content/Mesh_Assets/Chandelier/Textures/Chandelier_LP_Chandelir_Wicks_Metallic_1001.uexp" 695
"F:/Year 2 Project 2/Game/Build6/spookygame-master-puzzles/Content/Mesh_Assets/Chandelier/Textures/Chandelier_LP_Chandelir_Wicks_Metallic_1001.ubulk" 696
"F:/Year 2 Project 2/Game/Build6/spookygame-master-puzzles/Content/Mesh_Assets/Chandelier/Textures/Chandelier_LP_Chandelir_Wicks_BaseColor_1001.uasset" 697
"F:/Year 2 Project 2/Game/Build6/spookygame-master-puzzles/Content/Mesh_Assets/Chandelier/Textures/Chandelier_LP_Chandelir_Wicks_BaseColor_1001.uexp" 698
"F:/Year 2 Project 2/Game/Build6/spookygame-master-puzzles/Content/Mesh_Assets/Chandelier/Textures/Chandelier_LP_Chandelir_Wicks_BaseColor_1001.ubulk" 699
"F:/Year 2 Project 2/Game/Build6/spookygame-master-puzzles/Content/Mesh_Assets/Chandelier/Candle_Wicks.uasset" 700
"F:/Year 2 Project 2/Game/Build6/spookygame-master-puzzles/Content/Mesh_Assets/Chandelier/Candle_Wicks.uexp" 701
"F:/Year 2 Project 2/Game/Build6/spookygame-master-puzzles/Content/Mesh_Assets/Chandelier/Chandelier_LP.uasset" 702
"F:/Year 2 Project 2/Game/Build6/spookygame-master-puzzles/Content/Mesh_Assets/Chandelier/Chandelier_LP.uexp" 703
"F:/Year 2 Project 2/Game/Build6/spookygame-master-puzzles/Content/Blueprints/BP_Chandelier.uasset" 704
"F:/Year 2 Project 2/Game/Build6/spookygame-master-puzzles/Content/Blueprints/BP_Chandelier.uexp" 705
"F:/Year 2 Project 2/Game/Build6/spookygame-master-puzzles/Content/UI/Widgets/WBP_InteractionDialogue.uasset" 706
"F:/Year 2 Project 2/Game/Build6/spookygame-master-puzzles/Content/UI/Widgets/WBP_InteractionDialogue.uexp" 707
"F:/Year 2 Project 2/Game/Build6/spookygame-master-puzzles/Content/Mesh_Assets/Table/Table_Textures/Table_Textures/Table_LP_lambert3SG_Roughness_1001.uasset" 708
"F:/Year 2 Project 2/Game/Build6/spookygame-master-puzzles/Content/Mesh_Assets/Table/Table_Textures/Table_Textures/Table_LP_lambert3SG_Roughness_1001.uexp" 709
"F:/Year 2 Project 2/Game/Build6/spookygame-master-puzzles/Content/Mesh_Assets/Table/Table_Textures/Table_Textures/Table_LP_lambert3SG_Roughness_1001.ubulk" 710
"F:/Year 2 Project 2/Game/Build6/spookygame-master-puzzles/Content/Mesh_Assets/Table/Table_Textures/Table_Textures/Table_LP_lambert3SG_Normal_1001.uasset" 711
"F:/Year 2 Project 2/Game/Build6/spookygame-master-puzzles/Content/Mesh_Assets/Table/Table_Textures/Table_Textures/Table_LP_lambert3SG_Normal_1001.uexp" 712
"F:/Year 2 Project 2/Game/Build6/spookygame-master-puzzles/Content/Mesh_Assets/Table/Table_Textures/Table_Textures/Table_LP_lambert3SG_Normal_1001.ubulk" 713
"F:/Year 2 Project 2/Game/Build6/spookygame-master-puzzles/Content/Mesh_Assets/Table/Table_Textures/Table_Textures/Table_LP_lambert3SG_Metallic_1001.uasset" 714
"F:/Year 2 Project 2/Game/Build6/spookygame-master-puzzles/Content/Mesh_Assets/Table/Table_Textures/Table_Textures/Table_LP_lambert3SG_Metallic_1001.uexp" 715
"F:/Year 2 Project 2/Game/Build6/spookygame-master-puzzles/Content/Mesh_Assets/Table/Table_Textures/Table_Textures/Table_LP_lambert3SG_Metallic_1001.ubulk" 716
"F:/Year 2 Project 2/Game/Build6/spookygame-master-puzzles/Content/Mesh_Assets/Table/Table_Textures/Table_Textures/Table_LP_lambert3SG_Height_1001.uasset" 717
"F:/Year 2 Project 2/Game/Build6/spookygame-master-puzzles/Content/Mesh_Assets/Table/Table_Textures/Table_Textures/Table_LP_lambert3SG_Height_1001.uexp" 718
"F:/Year 2 Project 2/Game/Build6/spookygame-master-puzzles/Content/Mesh_Assets/Table/Table_Textures/Table_Textures/Table_LP_lambert3SG_Height_1001.ubulk" 719
"F:/Year 2 Project 2/Game/Build6/spookygame-master-puzzles/Content/Mesh_Assets/Table/Table_Textures/Table_Textures/Table_LP_lambert3SG_BaseColor_1001.uasset" 720
"F:/Year 2 Project 2/Game/Build6/spookygame-master-puzzles/Content/Mesh_Assets/Table/Table_Textures/Table_Textures/Table_LP_lambert3SG_BaseColor_1001.uexp" 721
"F:/Year 2 Project 2/Game/Build6/spookygame-master-puzzles/Content/Mesh_Assets/Table/Table_Textures/Table_Textures/Table_LP_lambert3SG_BaseColor_1001.ubulk" 722
"F:/Year 2 Project 2/Game/Build6/spookygame-master-puzzles/Content/Mesh_Assets/Table/Table_LPMat.uasset" 723
"F:/Year 2 Project 2/Game/Build6/spookygame-master-puzzles/Content/Mesh_Assets/Table/Table_LPMat.uexp" 724
"F:/Year 2 Project 2/Game/Build6/spookygame-master-puzzles/Content/Mesh_Assets/Table/Table_LP.uasset" 725
"F:/Year 2 Project 2/Game/Build6/spookygame-master-puzzles/Content/Mesh_Assets/Table/Table_LP.uexp" 726
"F:/Year 2 Project 2/Game/Build6/spookygame-master-puzzles/Content/Blueprints/BP_Table.uasset" 727
"F:/Year 2 Project 2/Game/Build6/spookygame-master-puzzles/Content/Blueprints/BP_Table.uexp" 728
"F:/Year 2 Project 2/Game/Build6/spookygame-master-puzzles/Content/Level/Materials/Physics_Materials/PM_carpet.uasset" 729
"F:/Year 2 Project 2/Game/Build6/spookygame-master-puzzles/Content/Level/Materials/Physics_Materials/PM_carpet.uexp" 730
"F:/Year 2 Project 2/Game/Build6/spookygame-master-puzzles/Content/Level/Materials/Temporary/M_Carpet.uasset" 731
"F:/Year 2 Project 2/Game/Build6/spookygame-master-puzzles/Content/Level/Materials/Temporary/M_Carpet.uexp" 732
"F:/Year 2 Project 2/Game/Build6/spookygame-master-puzzles/Content/Ghost/BP_Ghost2.uasset" 733
"F:/Year 2 Project 2/Game/Build6/spookygame-master-puzzles/Content/Ghost/BP_Ghost2.uexp" 734
"F:/Year 2 Project 2/Game/Build6/spookygame-master-puzzles/Content/Mesh_Assets/Items/Papers_Base_Texture.uasset" 735
"F:/Year 2 Project 2/Game/Build6/spookygame-master-puzzles/Content/Mesh_Assets/Items/Papers_Base_Texture.uexp" 736
"F:/Year 2 Project 2/Game/Build6/spookygame-master-puzzles/Content/Mesh_Assets/Items/Papers_Base_Texture.ubulk" 737
"F:/Year 2 Project 2/Game/Build6/spookygame-master-puzzles/Content/Mesh_Assets/Items/Material.uasset" 738
"F:/Year 2 Project 2/Game/Build6/spookygame-master-puzzles/Content/Mesh_Assets/Items/Material.uexp" 739
"F:/Year 2 Project 2/Game/Build6/spookygame-master-puzzles/Content/Mesh_Assets/Items/Book.uasset" 740
"F:/Year 2 Project 2/Game/Build6/spookygame-master-puzzles/Content/Mesh_Assets/Items/Book.uexp" 741
"F:/Year 2 Project 2/Game/Build6/spookygame-master-puzzles/Content/Audio/SND_PutDown_Paper.uasset" 742
"F:/Year 2 Project 2/Game/Build6/spookygame-master-puzzles/Content/Audio/SND_PutDown_Paper.uexp" 743
"F:/Year 2 Project 2/Game/Build6/spookygame-master-puzzles/Content/Audio/SND_PickUp_Paper.uasset" 744
"F:/Year 2 Project 2/Game/Build6/spookygame-master-puzzles/Content/Audio/SND_PickUp_Paper.uexp" 745
"F:/Year 2 Project 2/Game/Build6/spookygame-master-puzzles/Content/Audio/SFX_Volume_Class.uasset" 746
"F:/Year 2 Project 2/Game/Build6/spookygame-master-puzzles/Content/Audio/SFX_Volume_Class.uexp" 747
"F:/Year 2 Project 2/Game/Build6/spookygame-master-puzzles/Content/Puzzles/FirstPersonBP/Blueprints/Notes/WBP_Test_Note.uasset" 748
"F:/Year 2 Project 2/Game/Build6/spookygame-master-puzzles/Content/Puzzles/FirstPersonBP/Blueprints/Notes/WBP_Test_Note.uexp" 749
"F:/Year 2 Project 2/Game/Build6/spookygame-master-puzzles/Content/Puzzles/FirstPersonBP/Blueprints/BP_Book.uasset" 750
"F:/Year 2 Project 2/Game/Build6/spookygame-master-puzzles/Content/Puzzles/FirstPersonBP/Blueprints/BP_Book.uexp" 751
"F:/Year 2 Project 2/Game/Build6/spookygame-master-puzzles/Content/Puzzles/FirstPersonBP/Materials/M_On.uasset" 752
"F:/Year 2 Project 2/Game/Build6/spookygame-master-puzzles/Content/Puzzles/FirstPersonBP/Materials/M_On.uexp" 753
"F:/Year 2 Project 2/Game/Build6/spookygame-master-puzzles/Content/Puzzles/FirstPersonBP/Materials/M_Off.uasset" 754
"F:/Year 2 Project 2/Game/Build6/spookygame-master-puzzles/Content/Puzzles/FirstPersonBP/Materials/M_Off.uexp" 755
"F:/Year 2 Project 2/Game/Build6/spookygame-master-puzzles/Content/Puzzles/FirstPersonBP/Blueprints/BP_OpenDoors.uasset" 756
"F:/Year 2 Project 2/Game/Build6/spookygame-master-puzzles/Content/Puzzles/FirstPersonBP/Blueprints/BP_OpenDoors.uexp" 757
"F:/Year 2 Project 2/Game/Build6/spookygame-master-puzzles/Content/Puzzles/BPI_PuzzleEvents.uasset" 758
"F:/Year 2 Project 2/Game/Build6/spookygame-master-puzzles/Content/Puzzles/BPI_PuzzleEvents.uexp" 759
"F:/Year 2 Project 2/Game/Build6/spookygame-master-puzzles/Content/UI/UI_Code/BPI_Interaction_Dialogue.uasset" 760
"F:/Year 2 Project 2/Game/Build6/spookygame-master-puzzles/Content/UI/UI_Code/BPI_Interaction_Dialogue.uexp" 761
"F:/Year 2 Project 2/Game/Build6/spookygame-master-puzzles/Content/Puzzles/FirstPersonBP/Blueprints/BP_Painting.uasset" 762
"F:/Year 2 Project 2/Game/Build6/spookygame-master-puzzles/Content/Puzzles/FirstPersonBP/Blueprints/BP_Painting.uexp" 763
"F:/Year 2 Project 2/Game/Build6/spookygame-master-puzzles/Content/Puzzles/FirstPersonBP/Blueprints/BP_Painting_Lever.uasset" 764
"F:/Year 2 Project 2/Game/Build6/spookygame-master-puzzles/Content/Puzzles/FirstPersonBP/Blueprints/BP_Painting_Lever.uexp" 765
"F:/Year 2 Project 2/Game/Build6/spookygame-master-puzzles/Content/Level/Materials/Physics_Materials/PM_wood.uasset" 766
"F:/Year 2 Project 2/Game/Build6/spookygame-master-puzzles/Content/Level/Materials/Physics_Materials/PM_wood.uexp" 767
"F:/Year 2 Project 2/Game/Build6/spookygame-master-puzzles/Content/Level/Materials/Temporary/M_Wood.uasset" 768
"F:/Year 2 Project 2/Game/Build6/spookygame-master-puzzles/Content/Level/Materials/Temporary/M_Wood.uexp" 769
"F:/Year 2 Project 2/Game/Build6/spookygame-master-puzzles/Content/Mesh_Assets/Items/Note.uasset" 770
"F:/Year 2 Project 2/Game/Build6/spookygame-master-puzzles/Content/Mesh_Assets/Items/Note.uexp" 771
"F:/Year 2 Project 2/Game/Build6/spookygame-master-puzzles/Content/Puzzles/FirstPersonBP/Blueprints/BP_Notes.uasset" 772
"F:/Year 2 Project 2/Game/Build6/spookygame-master-puzzles/Content/Puzzles/FirstPersonBP/Blueprints/BP_Notes.uexp" 773
"F:/Year 2 Project 2/Game/Build6/spookygame-master-puzzles/Content/Triggers/BP_Ghost2_Trigger.uasset" 774
"F:/Year 2 Project 2/Game/Build6/spookygame-master-puzzles/Content/Triggers/BP_Ghost2_Trigger.uexp" 775
"F:/Year 2 Project 2/Game/Build6/spookygame-master-puzzles/Content/Mesh_Assets/Items/Newspaper.uasset" 776
"F:/Year 2 Project 2/Game/Build6/spookygame-master-puzzles/Content/Mesh_Assets/Items/Newspaper.uexp" 777
"F:/Year 2 Project 2/Game/Build6/spookygame-master-puzzles/Content/Puzzles/FirstPersonBP/Blueprints/BP_Newspaper.uasset" 778
"F:/Year 2 Project 2/Game/Build6/spookygame-master-puzzles/Content/Puzzles/FirstPersonBP/Blueprints/BP_Newspaper.uexp" 779
"F:/Year 2 Project 2/Game/Build6/spookygame-master-puzzles/Content/Puzzles/FirstPersonBP/Blueprints/WBP_Clock_Controls.uasset" 780
"F:/Year 2 Project 2/Game/Build6/spookygame-master-puzzles/Content/Puzzles/FirstPersonBP/Blueprints/WBP_Clock_Controls.uexp" 781
"F:/Year 2 Project 2/Game/Build6/spookygame-master-puzzles/Content/Mesh_Assets/Puzzles/Clock/Clock_Skeleton.uasset" 782
"F:/Year 2 Project 2/Game/Build6/spookygame-master-puzzles/Content/Mesh_Assets/Puzzles/Clock/Clock_Skeleton.uexp" 783
"F:/Year 2 Project 2/Game/Build6/spookygame-master-puzzles/Content/Mesh_Assets/Puzzles/Clock/Clock_Anim.uasset" 784
"F:/Year 2 Project 2/Game/Build6/spookygame-master-puzzles/Content/Mesh_Assets/Puzzles/Clock/Clock_Anim.uexp" 785
"F:/Year 2 Project 2/Game/Build6/spookygame-master-puzzles/Content/Mesh_Assets/Puzzles/Clock/Clock_PhysicsAsset.uasset" 786
"F:/Year 2 Project 2/Game/Build6/spookygame-master-puzzles/Content/Mesh_Assets/Puzzles/Clock/Clock_PhysicsAsset.uexp" 787
"F:/Year 2 Project 2/Game/Build6/spookygame-master-puzzles/Content/Mesh_Assets/Puzzles/Clock/Clock_Base_Texture.uasset" 788
"F:/Year 2 Project 2/Game/Build6/spookygame-master-puzzles/Content/Mesh_Assets/Puzzles/Clock/Clock_Base_Texture.uexp" 789
"F:/Year 2 Project 2/Game/Build6/spookygame-master-puzzles/Content/Mesh_Assets/Puzzles/Clock/Clock_Base_Texture.ubulk" 790
"F:/Year 2 Project 2/Game/Build6/spookygame-master-puzzles/Content/Mesh_Assets/Puzzles/Clock/Material_001.uasset" 791
"F:/Year 2 Project 2/Game/Build6/spookygame-master-puzzles/Content/Mesh_Assets/Puzzles/Clock/Material_001.uexp" 792
"F:/Year 2 Project 2/Game/Build6/spookygame-master-puzzles/Content/Mesh_Assets/Puzzles/Clock/Clock.uasset" 793
"F:/Year 2 Project 2/Game/Build6/spookygame-master-puzzles/Content/Mesh_Assets/Puzzles/Clock/Clock.uexp" 794
"F:/Year 2 Project 2/Game/Build6/spookygame-master-puzzles/Content/Mesh_Assets/Items/Metal_Base_Texture.uasset" 795
"F:/Year 2 Project 2/Game/Build6/spookygame-master-puzzles/Content/Mesh_Assets/Items/Metal_Base_Texture.uexp" 796
"F:/Year 2 Project 2/Game/Build6/spookygame-master-puzzles/Content/Mesh_Assets/Items/Metal_Base_Texture.ubulk" 797
"F:/Year 2 Project 2/Game/Build6/spookygame-master-puzzles/Content/Mesh_Assets/Items/Metal.uasset" 798
"F:/Year 2 Project 2/Game/Build6/spookygame-master-puzzles/Content/Mesh_Assets/Items/Metal.uexp" 799
"F:/Year 2 Project 2/Game/Build6/spookygame-master-puzzles/Content/Mesh_Assets/Items/MinuteHand.uasset" 800
"F:/Year 2 Project 2/Game/Build6/spookygame-master-puzzles/Content/Mesh_Assets/Items/MinuteHand.uexp" 801
"F:/Year 2 Project 2/Game/Build6/spookygame-master-puzzles/Content/Mesh_Assets/Items/HourHand.uasset" 802
"F:/Year 2 Project 2/Game/Build6/spookygame-master-puzzles/Content/Mesh_Assets/Items/HourHand.uexp" 803
"F:/Year 2 Project 2/Game/Build6/spookygame-master-puzzles/Content/Mesh_Assets/Items/Key.uasset" 804
"F:/Year 2 Project 2/Game/Build6/spookygame-master-puzzles/Content/Mesh_Assets/Items/Key.uexp" 805
"F:/Year 2 Project 2/Game/Build6/spookygame-master-puzzles/Content/Audio/SND_GrandFather_Clock_Tick.uasset" 806
"F:/Year 2 Project 2/Game/Build6/spookygame-master-puzzles/Content/Audio/SND_GrandFather_Clock_Tick.uexp" 807
"F:/Year 2 Project 2/Game/Build6/spookygame-master-puzzles/Content/Audio/SND_GrandFather_Clock_Strikes.uasset" 808
"F:/Year 2 Project 2/Game/Build6/spookygame-master-puzzles/Content/Audio/SND_GrandFather_Clock_Strikes.uexp" 809
"F:/Year 2 Project 2/Game/Build6/spookygame-master-puzzles/Content/Puzzles/FirstPersonBP/Blueprints/BP_ClockPuzzle.uasset" 810
"F:/Year 2 Project 2/Game/Build6/spookygame-master-puzzles/Content/Puzzles/FirstPersonBP/Blueprints/BP_ClockPuzzle.uexp" 811
"F:/Year 2 Project 2/Game/Build6/spookygame-master-puzzles/Content/Level/Materials/Temporary/Wallpaper/victorian-style-vintage-pattern-wall-ornamental-background-wallpaper-pastel-tones-138091756.uasset" 812
"F:/Year 2 Project 2/Game/Build6/spookygame-master-puzzles/Content/Level/Materials/Temporary/Wallpaper/victorian-style-vintage-pattern-wall-ornamental-background-wallpaper-pastel-tones-138091756.uexp" 813
"F:/Year 2 Project 2/Game/Build6/spookygame-master-puzzles/Content/Level/Materials/Temporary/M_Wallpaper.uasset" 814
"F:/Year 2 Project 2/Game/Build6/spookygame-master-puzzles/Content/Level/Materials/Temporary/M_Wallpaper.uexp" 815
"F:/Year 2 Project 2/Game/Build6/spookygame-master-puzzles/Content/Level/Materials/Temporary/Wood_Decor/WoodFineDark004_REFL_1K.uasset" 816
"F:/Year 2 Project 2/Game/Build6/spookygame-master-puzzles/Content/Level/Materials/Temporary/Wood_Decor/WoodFineDark004_REFL_1K.uexp" 817
"F:/Year 2 Project 2/Game/Build6/spookygame-master-puzzles/Content/Level/Materials/Temporary/Wood_Decor/WoodFineDark004_REFL_1K.ubulk" 818
"F:/Year 2 Project 2/Game/Build6/spookygame-master-puzzles/Content/Level/Materials/Temporary/Wood_Decor/WoodFineDark004_NRM_1K.uasset" 819
"F:/Year 2 Project 2/Game/Build6/spookygame-master-puzzles/Content/Level/Materials/Temporary/Wood_Decor/WoodFineDark004_NRM_1K.uexp" 820
"F:/Year 2 Project 2/Game/Build6/spookygame-master-puzzles/Content/Level/Materials/Temporary/Wood_Decor/WoodFineDark004_NRM_1K.ubulk" 821
"F:/Year 2 Project 2/Game/Build6/spookygame-master-puzzles/Content/Level/Materials/Temporary/Wood_Decor/WoodFineDark004_GLOSS_1K.uasset" 822
"F:/Year 2 Project 2/Game/Build6/spookygame-master-puzzles/Content/Level/Materials/Temporary/Wood_Decor/WoodFineDark004_GLOSS_1K.uexp" 823
"F:/Year 2 Project 2/Game/Build6/spookygame-master-puzzles/Content/Level/Materials/Temporary/Wood_Decor/WoodFineDark004_GLOSS_1K.ubulk" 824
"F:/Year 2 Project 2/Game/Build6/spookygame-master-puzzles/Content/Level/Materials/Temporary/Wood_Decor/WoodFineDark004_DISP16_1K.uasset" 825
"F:/Year 2 Project 2/Game/Build6/spookygame-master-puzzles/Content/Level/Materials/Temporary/Wood_Decor/WoodFineDark004_DISP16_1K.uexp" 826
"F:/Year 2 Project 2/Game/Build6/spookygame-master-puzzles/Content/Level/Materials/Temporary/Wood_Decor/WoodFineDark004_DISP16_1K.ubulk" 827
"F:/Year 2 Project 2/Game/Build6/spookygame-master-puzzles/Content/Level/Materials/Temporary/Wood_Decor/WoodFineDark004_COL_1K.uasset" 828
"F:/Year 2 Project 2/Game/Build6/spookygame-master-puzzles/Content/Level/Materials/Temporary/Wood_Decor/WoodFineDark004_COL_1K.uexp" 829
"F:/Year 2 Project 2/Game/Build6/spookygame-master-puzzles/Content/Level/Materials/Temporary/Wood_Decor/WoodFineDark004_COL_1K.ubulk" 830
"F:/Year 2 Project 2/Game/Build6/spookygame-master-puzzles/Content/Level/Materials/Temporary/M_Wood_Decor.uasset" 831
"F:/Year 2 Project 2/Game/Build6/spookygame-master-puzzles/Content/Level/Materials/Temporary/M_Wood_Decor.uexp" 832
"F:/Year 2 Project 2/Game/Build6/spookygame-master-puzzles/Content/Audio/MSC_Ambient_Dark.uasset" 833
"F:/Year 2 Project 2/Game/Build6/spookygame-master-puzzles/Content/Audio/MSC_Ambient_Dark.uexp" 834
"F:/Year 2 Project 2/Game/Build6/spookygame-master-puzzles/Content/Mesh_Assets/Chair/Chair_Textures/Chair_Textures/Chair_LP_lambert2SG_Roughness_1001.uasset" 835
"F:/Year 2 Project 2/Game/Build6/spookygame-master-puzzles/Content/Mesh_Assets/Chair/Chair_Textures/Chair_Textures/Chair_LP_lambert2SG_Roughness_1001.uexp" 836
"F:/Year 2 Project 2/Game/Build6/spookygame-master-puzzles/Content/Mesh_Assets/Chair/Chair_Textures/Chair_Textures/Chair_LP_lambert2SG_Roughness_1001.ubulk" 837
"F:/Year 2 Project 2/Game/Build6/spookygame-master-puzzles/Content/Mesh_Assets/Chair/Chair_Textures/Chair_Textures/Chair_LP_lambert2SG_Normal_1001.uasset" 838
"F:/Year 2 Project 2/Game/Build6/spookygame-master-puzzles/Content/Mesh_Assets/Chair/Chair_Textures/Chair_Textures/Chair_LP_lambert2SG_Normal_1001.uexp" 839
"F:/Year 2 Project 2/Game/Build6/spookygame-master-puzzles/Content/Mesh_Assets/Chair/Chair_Textures/Chair_Textures/Chair_LP_lambert2SG_Normal_1001.ubulk" 840
"F:/Year 2 Project 2/Game/Build6/spookygame-master-puzzles/Content/Mesh_Assets/Chair/Chair_Textures/Chair_Textures/Chair_LP_lambert2SG_Metallic_1001.uasset" 841
"F:/Year 2 Project 2/Game/Build6/spookygame-master-puzzles/Content/Mesh_Assets/Chair/Chair_Textures/Chair_Textures/Chair_LP_lambert2SG_Metallic_1001.uexp" 842
"F:/Year 2 Project 2/Game/Build6/spookygame-master-puzzles/Content/Mesh_Assets/Chair/Chair_Textures/Chair_Textures/Chair_LP_lambert2SG_Metallic_1001.ubulk" 843
"F:/Year 2 Project 2/Game/Build6/spookygame-master-puzzles/Content/Mesh_Assets/Chair/Chair_Textures/Chair_Textures/Chair_LP_lambert2SG_Height_1001.uasset" 844
"F:/Year 2 Project 2/Game/Build6/spookygame-master-puzzles/Content/Mesh_Assets/Chair/Chair_Textures/Chair_Textures/Chair_LP_lambert2SG_Height_1001.uexp" 845
"F:/Year 2 Project 2/Game/Build6/spookygame-master-puzzles/Content/Mesh_Assets/Chair/Chair_Textures/Chair_Textures/Chair_LP_lambert2SG_Height_1001.ubulk" 846
"F:/Year 2 Project 2/Game/Build6/spookygame-master-puzzles/Content/Mesh_Assets/Chair/Chair_Textures/Chair_Textures/Chair_LP_lambert2SG_BaseColor_1001.uasset" 847
"F:/Year 2 Project 2/Game/Build6/spookygame-master-puzzles/Content/Mesh_Assets/Chair/Chair_Textures/Chair_Textures/Chair_LP_lambert2SG_BaseColor_1001.uexp" 848
"F:/Year 2 Project 2/Game/Build6/spookygame-master-puzzles/Content/Mesh_Assets/Chair/Chair_Textures/Chair_Textures/Chair_LP_lambert2SG_BaseColor_1001.ubulk" 849
"F:/Year 2 Project 2/Game/Build6/spookygame-master-puzzles/Content/Mesh_Assets/Chair/Chair_Pillow.uasset" 850
"F:/Year 2 Project 2/Game/Build6/spookygame-master-puzzles/Content/Mesh_Assets/Chair/Chair_Pillow.uexp" 851
"F:/Year 2 Project 2/Game/Build6/spookygame-master-puzzles/Content/Mesh_Assets/Chair/Chair_Textures/Chair_Textures/Chair_LP_lambert3SG_Roughness_1001.uasset" 852
"F:/Year 2 Project 2/Game/Build6/spookygame-master-puzzles/Content/Mesh_Assets/Chair/Chair_Textures/Chair_Textures/Chair_LP_lambert3SG_Roughness_1001.uexp" 853
"F:/Year 2 Project 2/Game/Build6/spookygame-master-puzzles/Content/Mesh_Assets/Chair/Chair_Textures/Chair_Textures/Chair_LP_lambert3SG_Roughness_1001.ubulk" 854
"F:/Year 2 Project 2/Game/Build6/spookygame-master-puzzles/Content/Mesh_Assets/Chair/Chair_Textures/Chair_Textures/Chair_LP_lambert3SG_Normal_1001.uasset" 855
"F:/Year 2 Project 2/Game/Build6/spookygame-master-puzzles/Content/Mesh_Assets/Chair/Chair_Textures/Chair_Textures/Chair_LP_lambert3SG_Normal_1001.uexp" 856
"F:/Year 2 Project 2/Game/Build6/spookygame-master-puzzles/Content/Mesh_Assets/Chair/Chair_Textures/Chair_Textures/Chair_LP_lambert3SG_Normal_1001.ubulk" 857
"F:/Year 2 Project 2/Game/Build6/spookygame-master-puzzles/Content/Mesh_Assets/Chair/Chair_Textures/Chair_Textures/Chair_LP_lambert3SG_Metallic_1001.uasset" 858
"F:/Year 2 Project 2/Game/Build6/spookygame-master-puzzles/Content/Mesh_Assets/Chair/Chair_Textures/Chair_Textures/Chair_LP_lambert3SG_Metallic_1001.uexp" 859
"F:/Year 2 Project 2/Game/Build6/spookygame-master-puzzles/Content/Mesh_Assets/Chair/Chair_Textures/Chair_Textures/Chair_LP_lambert3SG_Metallic_1001.ubulk" 860
"F:/Year 2 Project 2/Game/Build6/spookygame-master-puzzles/Content/Mesh_Assets/Chair/Chair_Textures/Chair_Textures/Chair_LP_lambert3SG_Height_1001.uasset" 861
"F:/Year 2 Project 2/Game/Build6/spookygame-master-puzzles/Content/Mesh_Assets/Chair/Chair_Textures/Chair_Textures/Chair_LP_lambert3SG_Height_1001.uexp" 862
"F:/Year 2 Project 2/Game/Build6/spookygame-master-puzzles/Content/Mesh_Assets/Chair/Chair_Textures/Chair_Textures/Chair_LP_lambert3SG_Height_1001.ubulk" 863
"F:/Year 2 Project 2/Game/Build6/spookygame-master-puzzles/Content/Mesh_Assets/Chair/Chair_Textures/Chair_Textures/Chair_LP_lambert3SG_BaseColor_1001.uasset" 864
"F:/Year 2 Project 2/Game/Build6/spookygame-master-puzzles/Content/Mesh_Assets/Chair/Chair_Textures/Chair_Textures/Chair_LP_lambert3SG_BaseColor_1001.uexp" 865
"F:/Year 2 Project 2/Game/Build6/spookygame-master-puzzles/Content/Mesh_Assets/Chair/Chair_Textures/Chair_Textures/Chair_LP_lambert3SG_BaseColor_1001.ubulk" 866
"F:/Year 2 Project 2/Game/Build6/spookygame-master-puzzles/Content/Mesh_Assets/Chair/Chair_LPMat.uasset" 867
"F:/Year 2 Project 2/Game/Build6/spookygame-master-puzzles/Content/Mesh_Assets/Chair/Chair_LPMat.uexp" 868
"F:/Year 2 Project 2/Game/Build6/spookygame-master-puzzles/Content/Mesh_Assets/Chair/Chair_LP.uasset" 869
"F:/Year 2 Project 2/Game/Build6/spookygame-master-puzzles/Content/Mesh_Assets/Chair/Chair_LP.uexp" 870
"F:/Year 2 Project 2/Game/Build6/spookygame-master-puzzles/Content/Mesh_Assets/Goblet/Goblet_Textures/Goblet_Textures/Goblet_LP_initialShadingGroup_Roughness_1001.uasset" 871
"F:/Year 2 Project 2/Game/Build6/spookygame-master-puzzles/Content/Mesh_Assets/Goblet/Goblet_Textures/Goblet_Textures/Goblet_LP_initialShadingGroup_Roughness_1001.uexp" 872
"F:/Year 2 Project 2/Game/Build6/spookygame-master-puzzles/Content/Mesh_Assets/Goblet/Goblet_Textures/Goblet_Textures/Goblet_LP_initialShadingGroup_Roughness_1001.ubulk" 873
"F:/Year 2 Project 2/Game/Build6/spookygame-master-puzzles/Content/Mesh_Assets/Goblet/Goblet_Textures/Goblet_Textures/Goblet_LP_initialShadingGroup_Normal_1001.uasset" 874
"F:/Year 2 Project 2/Game/Build6/spookygame-master-puzzles/Content/Mesh_Assets/Goblet/Goblet_Textures/Goblet_Textures/Goblet_LP_initialShadingGroup_Normal_1001.uexp" 875
"F:/Year 2 Project 2/Game/Build6/spookygame-master-puzzles/Content/Mesh_Assets/Goblet/Goblet_Textures/Goblet_Textures/Goblet_LP_initialShadingGroup_Normal_1001.ubulk" 876
"F:/Year 2 Project 2/Game/Build6/spookygame-master-puzzles/Content/Mesh_Assets/Goblet/Goblet_Textures/Goblet_Textures/Goblet_LP_initialShadingGroup_Metallic_1001.uasset" 877
"F:/Year 2 Project 2/Game/Build6/spookygame-master-puzzles/Content/Mesh_Assets/Goblet/Goblet_Textures/Goblet_Textures/Goblet_LP_initialShadingGroup_Metallic_1001.uexp" 878
"F:/Year 2 Project 2/Game/Build6/spookygame-master-puzzles/Content/Mesh_Assets/Goblet/Goblet_Textures/Goblet_Textures/Goblet_LP_initialShadingGroup_Metallic_1001.ubulk" 879
"F:/Year 2 Project 2/Game/Build6/spookygame-master-puzzles/Content/Mesh_Assets/Goblet/Goblet_Textures/Goblet_Textures/Goblet_LP_initialShadingGroup_BaseColor_1001.uasset" 880
"F:/Year 2 Project 2/Game/Build6/spookygame-master-puzzles/Content/Mesh_Assets/Goblet/Goblet_Textures/Goblet_Textures/Goblet_LP_initialShadingGroup_BaseColor_1001.uexp" 881
"F:/Year 2 Project 2/Game/Build6/spookygame-master-puzzles/Content/Mesh_Assets/Goblet/Goblet_Textures/Goblet_Textures/Goblet_LP_initialShadingGroup_BaseColor_1001.ubulk" 882
"F:/Year 2 Project 2/Game/Build6/spookygame-master-puzzles/Content/Mesh_Assets/Goblet/M_Goblet.uasset" 883
"F:/Year 2 Project 2/Game/Build6/spookygame-master-puzzles/Content/Mesh_Assets/Goblet/M_Goblet.uexp" 884
"F:/Year 2 Project 2/Game/Build6/spookygame-master-puzzles/Content/Mesh_Assets/Goblet/Goblet_LP.uasset" 885
"F:/Year 2 Project 2/Game/Build6/spookygame-master-puzzles/Content/Mesh_Assets/Goblet/Goblet_LP.uexp" 886
"F:/Year 2 Project 2/Game/Build6/spookygame-master-puzzles/Content/Puzzles/FirstPersonBP/Blueprints/BP_ClockPuzzle_Answer.uasset" 887
"F:/Year 2 Project 2/Game/Build6/spookygame-master-puzzles/Content/Puzzles/FirstPersonBP/Blueprints/BP_ClockPuzzle_Answer.uexp" 888
"F:/Year 2 Project 2/Game/Build6/spookygame-master-puzzles/Content/Puzzles/FirstPersonBP/Blueprints/WBP_Combination_Lock.uasset" 889
"F:/Year 2 Project 2/Game/Build6/spookygame-master-puzzles/Content/Puzzles/FirstPersonBP/Blueprints/WBP_Combination_Lock.uexp" 890
"F:/Year 2 Project 2/Game/Build6/spookygame-master-puzzles/Content/Mesh_Assets/Puzzles/PuzzleBox/Box_Base_Texture.uasset" 891
"F:/Year 2 Project 2/Game/Build6/spookygame-master-puzzles/Content/Mesh_Assets/Puzzles/PuzzleBox/Box_Base_Texture.uexp" 892
"F:/Year 2 Project 2/Game/Build6/spookygame-master-puzzles/Content/Mesh_Assets/Puzzles/PuzzleBox/Box_Base_Texture.ubulk" 893
"F:/Year 2 Project 2/Game/Build6/spookygame-master-puzzles/Content/Mesh_Assets/Puzzles/PuzzleBox/Material_002.uasset" 894
"F:/Year 2 Project 2/Game/Build6/spookygame-master-puzzles/Content/Mesh_Assets/Puzzles/PuzzleBox/Material_002.uexp" 895
"F:/Year 2 Project 2/Game/Build6/spookygame-master-puzzles/Content/Mesh_Assets/Puzzles/PuzzleBox/LockDial.uasset" 896
"F:/Year 2 Project 2/Game/Build6/spookygame-master-puzzles/Content/Mesh_Assets/Puzzles/PuzzleBox/LockDial.uexp" 897
"F:/Year 2 Project 2/Game/Build6/spookygame-master-puzzles/Content/Mesh_Assets/Puzzles/PuzzleBox/LockHold.uasset" 898
"F:/Year 2 Project 2/Game/Build6/spookygame-master-puzzles/Content/Mesh_Assets/Puzzles/PuzzleBox/LockHold.uexp" 899
"F:/Year 2 Project 2/Game/Build6/spookygame-master-puzzles/Content/Mesh_Assets/Puzzles/PuzzleBox/Box_Puzzle_PhysicsAsset.uasset" 900
"F:/Year 2 Project 2/Game/Build6/spookygame-master-puzzles/Content/Mesh_Assets/Puzzles/PuzzleBox/Box_Puzzle_PhysicsAsset.uexp" 901
"F:/Year 2 Project 2/Game/Build6/spookygame-master-puzzles/Content/Mesh_Assets/Puzzles/PuzzleBox/Box_Puzzle.uasset" 902
"F:/Year 2 Project 2/Game/Build6/spookygame-master-puzzles/Content/Mesh_Assets/Puzzles/PuzzleBox/Box_Puzzle.uexp" 903
"F:/Year 2 Project 2/Game/Build6/spookygame-master-puzzles/Content/Audio/SND_Item_Collected.uasset" 904
"F:/Year 2 Project 2/Game/Build6/spookygame-master-puzzles/Content/Audio/SND_Item_Collected.uexp" 905
"F:/Year 2 Project 2/Game/Build6/spookygame-master-puzzles/Content/UI/Widgets/WBP_CollectedClockHand.uasset" 906
"F:/Year 2 Project 2/Game/Build6/spookygame-master-puzzles/Content/UI/Widgets/WBP_CollectedClockHand.uexp" 907
"F:/Year 2 Project 2/Game/Build6/spookygame-master-puzzles/Content/Puzzles/FirstPersonBP/Blueprints/BP_PinLock.uasset" 908
"F:/Year 2 Project 2/Game/Build6/spookygame-master-puzzles/Content/Puzzles/FirstPersonBP/Blueprints/BP_PinLock.uexp" 909
"F:/Year 2 Project 2/Game/Build6/spookygame-master-puzzles/Content/Level/Lvl_Mansion.uexp" 910
"F:/Year 2 Project 2/Game/Build6/spookygame-master-puzzles/Content/Level/Lvl_Mansion.umap" 911
"../../../Engine/Content/Maps/Entry_BuiltData.uasset" 912
"../../../Engine/Content/Maps/Entry_BuiltData.uexp" 913
"../../../Engine/Content/Maps/Entry.uexp" 914
"../../../Engine/Content/Maps/Entry.umap" 915
